{"C:\\Users\\juamb\\Desktop\\Front\\desarrollo_aplicaciones_front\\eslint.config.js": {"path":"C:\\Users\\juamb\\Desktop\\Front\\desarrollo_aplicaciones_front\\eslint.config.js","all":true,"statementMap":{"0":{"start":{"line":1,"column":0},"end":{"line":1,"column":28}},"1":{"start":{"line":2,"column":0},"end":{"line":2,"column":30}},"2":{"start":{"line":3,"column":0},"end":{"line":3,"column":51}},"3":{"start":{"line":4,"column":0},"end":{"line":4,"column":55}},"4":{"start":{"line":5,"column":0},"end":{"line":5,"column":46}},"5":{"start":{"line":6,"column":0},"end":{"line":6,"column":60}},"6":{"start":{"line":7,"column":0},"end":{"line":7,"column":0}},"7":{"start":{"line":8,"column":0},"end":{"line":8,"column":29}},"8":{"start":{"line":9,"column":0},"end":{"line":9,"column":74}},"9":{"start":{"line":10,"column":0},"end":{"line":10,"column":0}},"10":{"start":{"line":11,"column":0},"end":{"line":11,"column":3}},"11":{"start":{"line":12,"column":0},"end":{"line":12,"column":29}},"12":{"start":{"line":13,"column":0},"end":{"line":13,"column":14}},"13":{"start":{"line":14,"column":0},"end":{"line":14,"column":29}},"14":{"start":{"line":15,"column":0},"end":{"line":15,"column":47}},"15":{"start":{"line":16,"column":0},"end":{"line":16,"column":32}},"16":{"start":{"line":17,"column":0},"end":{"line":17,"column":15}},"17":{"start":{"line":18,"column":0},"end":{"line":18,"column":6}},"18":{"start":{"line":19,"column":0},"end":{"line":19,"column":22}},"19":{"start":{"line":20,"column":0},"end":{"line":20,"column":28}},"20":{"start":{"line":21,"column":0},"end":{"line":21,"column":27}},"21":{"start":{"line":22,"column":0},"end":{"line":22,"column":31}},"22":{"start":{"line":23,"column":0},"end":{"line":23,"column":22}},"23":{"start":{"line":24,"column":0},"end":{"line":24,"column":36}},"24":{"start":{"line":25,"column":0},"end":{"line":25,"column":8}},"25":{"start":{"line":26,"column":0},"end":{"line":26,"column":6}},"26":{"start":{"line":27,"column":0},"end":{"line":27,"column":12}},"27":{"start":{"line":28,"column":0},"end":{"line":28,"column":44}},"28":{"start":{"line":29,"column":0},"end":{"line":29,"column":44}},"29":{"start":{"line":30,"column":0},"end":{"line":30,"column":68}},"30":{"start":{"line":31,"column":0},"end":{"line":31,"column":6}},"31":{"start":{"line":32,"column":0},"end":{"line":32,"column":4}},"32":{"start":{"line":33,"column":0},"end":{"line":33,"column":3}}},"s":{"0":0,"1":0,"2":0,"3":0,"4":0,"5":0,"6":0,"7":0,"8":0,"9":0,"10":0,"11":0,"12":0,"13":0,"14":0,"15":0,"16":0,"17":0,"18":0,"19":0,"20":0,"21":0,"22":0,"23":0,"24":0,"25":0,"26":0,"27":0,"28":0,"29":0,"30":0,"31":0,"32":0},"branchMap":{"0":{"type":"branch","line":1,"loc":{"start":{"line":1,"column":973},"end":{"line":33,"column":3}},"locations":[{"start":{"line":1,"column":973},"end":{"line":33,"column":3}}]}},"b":{"0":[0]},"fnMap":{"0":{"name":"(empty-report)","decl":{"start":{"line":1,"column":973},"end":{"line":33,"column":3}},"loc":{"start":{"line":1,"column":973},"end":{"line":33,"column":3}},"line":1}},"f":{"0":0}}
,"C:\\Users\\juamb\\Desktop\\Front\\desarrollo_aplicaciones_front\\vite.config.js": {"path":"C:\\Users\\juamb\\Desktop\\Front\\desarrollo_aplicaciones_front\\vite.config.js","all":true,"statementMap":{"0":{"start":{"line":1,"column":0},"end":{"line":1,"column":36}},"1":{"start":{"line":2,"column":0},"end":{"line":2,"column":41}},"2":{"start":{"line":3,"column":0},"end":{"line":3,"column":0}},"3":{"start":{"line":4,"column":0},"end":{"line":4,"column":27}},"4":{"start":{"line":5,"column":0},"end":{"line":5,"column":29}},"5":{"start":{"line":6,"column":0},"end":{"line":6,"column":21}},"6":{"start":{"line":7,"column":0},"end":{"line":7,"column":3}}},"s":{"0":0,"1":0,"2":0,"3":0,"4":0,"5":0,"6":0},"branchMap":{"0":{"type":"branch","line":1,"loc":{"start":{"line":1,"column":169},"end":{"line":7,"column":3}},"locations":[{"start":{"line":1,"column":169},"end":{"line":7,"column":3}}]}},"b":{"0":[0]},"fnMap":{"0":{"name":"(empty-report)","decl":{"start":{"line":1,"column":169},"end":{"line":7,"column":3}},"loc":{"start":{"line":1,"column":169},"end":{"line":7,"column":3}},"line":1}},"f":{"0":0}}
,"C:\\Users\\juamb\\Desktop\\Front\\desarrollo_aplicaciones_front\\vitest.config.js": {"path":"C:\\Users\\juamb\\Desktop\\Front\\desarrollo_aplicaciones_front\\vitest.config.js","all":true,"statementMap":{"0":{"start":{"line":1,"column":0},"end":{"line":1,"column":32}},"1":{"start":{"line":2,"column":0},"end":{"line":2,"column":36}},"2":{"start":{"line":3,"column":0},"end":{"line":3,"column":0}},"3":{"start":{"line":4,"column":0},"end":{"line":4,"column":29}},"4":{"start":{"line":5,"column":0},"end":{"line":5,"column":9}},"5":{"start":{"line":6,"column":0},"end":{"line":6,"column":18}},"6":{"start":{"line":7,"column":0},"end":{"line":7,"column":25}},"7":{"start":{"line":8,"column":0},"end":{"line":8,"column":15}},"8":{"start":{"line":9,"column":0},"end":{"line":9,"column":21}},"9":{"start":{"line":10,"column":0},"end":{"line":10,"column":41}},"10":{"start":{"line":11,"column":0},"end":{"line":11,"column":37}},"11":{"start":{"line":12,"column":0},"end":{"line":12,"column":19}},"12":{"start":{"line":13,"column":0},"end":{"line":13,"column":17}},"13":{"start":{"line":14,"column":0},"end":{"line":14,"column":21}},"14":{"start":{"line":15,"column":0},"end":{"line":15,"column":22}},"15":{"start":{"line":16,"column":0},"end":{"line":16,"column":20}},"16":{"start":{"line":17,"column":0},"end":{"line":17,"column":8}},"17":{"start":{"line":18,"column":0},"end":{"line":18,"column":88}},"18":{"start":{"line":19,"column":0},"end":{"line":19,"column":6}},"19":{"start":{"line":20,"column":0},"end":{"line":20,"column":4}},"20":{"start":{"line":21,"column":0},"end":{"line":21,"column":3}}},"s":{"0":0,"1":0,"2":0,"3":0,"4":0,"5":0,"6":0,"7":0,"8":0,"9":0,"10":0,"11":0,"12":0,"13":0,"14":0,"15":0,"16":0,"17":0,"18":0,"19":0,"20":0},"branchMap":{"0":{"type":"branch","line":1,"loc":{"start":{"line":1,"column":511},"end":{"line":21,"column":3}},"locations":[{"start":{"line":1,"column":511},"end":{"line":21,"column":3}}]}},"b":{"0":[0]},"fnMap":{"0":{"name":"(empty-report)","decl":{"start":{"line":1,"column":511},"end":{"line":21,"column":3}},"loc":{"start":{"line":1,"column":511},"end":{"line":21,"column":3}},"line":1}},"f":{"0":0}}
,"C:\\Users\\juamb\\Desktop\\Front\\desarrollo_aplicaciones_front\\src\\App.jsx": {"path":"C:\\Users\\juamb\\Desktop\\Front\\desarrollo_aplicaciones_front\\src\\App.jsx","all":false,"statementMap":{"0":{"start":{"line":1,"column":0},"end":{"line":1,"column":26}},"1":{"start":{"line":2,"column":0},"end":{"line":2,"column":74}},"2":{"start":{"line":3,"column":0},"end":{"line":3,"column":45}},"3":{"start":{"line":4,"column":0},"end":{"line":4,"column":49}},"4":{"start":{"line":5,"column":0},"end":{"line":5,"column":34}},"5":{"start":{"line":6,"column":0},"end":{"line":6,"column":38}},"6":{"start":{"line":7,"column":0},"end":{"line":7,"column":78}},"7":{"start":{"line":8,"column":0},"end":{"line":8,"column":19}},"9":{"start":{"line":10,"column":0},"end":{"line":10,"column":31}},"10":{"start":{"line":11,"column":0},"end":{"line":11,"column":10}},"11":{"start":{"line":12,"column":0},"end":{"line":12,"column":19}},"12":{"start":{"line":13,"column":0},"end":{"line":13,"column":33}},"13":{"start":{"line":14,"column":0},"end":{"line":14,"column":16}},"14":{"start":{"line":15,"column":0},"end":{"line":15,"column":71}},"15":{"start":{"line":16,"column":0},"end":{"line":16,"column":53}},"16":{"start":{"line":17,"column":0},"end":{"line":17,"column":58}},"17":{"start":{"line":18,"column":0},"end":{"line":18,"column":66}},"18":{"start":{"line":19,"column":0},"end":{"line":19,"column":58}},"19":{"start":{"line":20,"column":0},"end":{"line":20,"column":17}},"20":{"start":{"line":21,"column":0},"end":{"line":21,"column":13}},"21":{"start":{"line":22,"column":0},"end":{"line":22,"column":20}},"23":{"start":{"line":24,"column":0},"end":{"line":24,"column":1}}},"s":{"0":1,"1":1,"2":1,"3":1,"4":1,"5":1,"6":1,"7":1,"9":2,"10":2,"11":2,"12":2,"13":2,"14":2,"15":2,"16":2,"17":2,"18":2,"19":2,"20":2,"21":2,"23":2},"branchMap":{"0":{"type":"branch","line":10,"loc":{"start":{"line":10,"column":0},"end":{"line":24,"column":1}},"locations":[{"start":{"line":10,"column":0},"end":{"line":24,"column":1}}]}},"b":{"0":[2]},"fnMap":{"0":{"name":"Placeholder","decl":{"start":{"line":7,"column":20},"end":{"line":7,"column":78}},"loc":{"start":{"line":7,"column":20},"end":{"line":7,"column":78}},"line":7},"1":{"name":"App","decl":{"start":{"line":10,"column":0},"end":{"line":24,"column":1}},"loc":{"start":{"line":10,"column":0},"end":{"line":24,"column":1}},"line":10}},"f":{"0":0,"1":2}}
,"C:\\Users\\juamb\\Desktop\\Front\\desarrollo_aplicaciones_front\\src\\main.jsx": {"path":"C:\\Users\\juamb\\Desktop\\Front\\desarrollo_aplicaciones_front\\src\\main.jsx","all":true,"statementMap":{"0":{"start":{"line":1,"column":0},"end":{"line":1,"column":35}},"1":{"start":{"line":2,"column":0},"end":{"line":2,"column":46}},"2":{"start":{"line":3,"column":0},"end":{"line":3,"column":21}},"3":{"start":{"line":4,"column":0},"end":{"line":4,"column":28}},"5":{"start":{"line":6,"column":0},"end":{"line":6,"column":51}},"6":{"start":{"line":7,"column":0},"end":{"line":7,"column":14}},"7":{"start":{"line":8,"column":0},"end":{"line":8,"column":11}},"8":{"start":{"line":9,"column":0},"end":{"line":9,"column":15}},"9":{"start":{"line":10,"column":0},"end":{"line":10,"column":2}}},"s":{"0":0,"1":0,"2":0,"3":0,"5":0,"6":0,"7":0,"8":0,"9":0},"branchMap":{"0":{"type":"branch","line":1,"loc":{"start":{"line":1,"column":0},"end":{"line":10,"column":-133}},"locations":[{"start":{"line":1,"column":0},"end":{"line":10,"column":-133}}]}},"b":{"0":[0]},"fnMap":{"0":{"name":"(empty-report)","decl":{"start":{"line":1,"column":0},"end":{"line":10,"column":-133}},"loc":{"start":{"line":1,"column":0},"end":{"line":10,"column":-133}},"line":1}},"f":{"0":0}}
,"C:\\Users\\juamb\\Desktop\\Front\\desarrollo_aplicaciones_front\\src\\views\\Gateway.jsx": {"path":"C:\\Users\\juamb\\Desktop\\Front\\desarrollo_aplicaciones_front\\src\\views\\Gateway.jsx","all":false,"statementMap":{"0":{"start":{"line":1,"column":0},"end":{"line":1,"column":60}},"1":{"start":{"line":2,"column":0},"end":{"line":2,"column":71}},"2":{"start":{"line":3,"column":0},"end":{"line":3,"column":23}},"3":{"start":{"line":4,"column":0},"end":{"line":4,"column":48}},"4":{"start":{"line":5,"column":0},"end":{"line":5,"column":52}},"5":{"start":{"line":6,"column":0},"end":{"line":6,"column":48}},"6":{"start":{"line":7,"column":0},"end":{"line":7,"column":53}},"8":{"start":{"line":9,"column":0},"end":{"line":9,"column":35}},"9":{"start":{"line":10,"column":0},"end":{"line":10,"column":29}},"10":{"start":{"line":11,"column":0},"end":{"line":11,"column":34}},"11":{"start":{"line":12,"column":0},"end":{"line":12,"column":33}},"13":{"start":{"line":14,"column":0},"end":{"line":14,"column":45}},"14":{"start":{"line":15,"column":0},"end":{"line":15,"column":60}},"15":{"start":{"line":16,"column":0},"end":{"line":16,"column":47}},"16":{"start":{"line":17,"column":0},"end":{"line":17,"column":41}},"17":{"start":{"line":18,"column":0},"end":{"line":18,"column":9}},"18":{"start":{"line":19,"column":0},"end":{"line":19,"column":9}},"19":{"start":{"line":20,"column":0},"end":{"line":20,"column":23}},"20":{"start":{"line":21,"column":0},"end":{"line":21,"column":35}},"21":{"start":{"line":22,"column":0},"end":{"line":22,"column":42}},"22":{"start":{"line":23,"column":0},"end":{"line":23,"column":41}},"23":{"start":{"line":24,"column":0},"end":{"line":24,"column":18}},"24":{"start":{"line":25,"column":0},"end":{"line":25,"column":36}},"25":{"start":{"line":26,"column":0},"end":{"line":26,"column":39}},"26":{"start":{"line":27,"column":0},"end":{"line":27,"column":9}},"27":{"start":{"line":28,"column":0},"end":{"line":28,"column":12}},"28":{"start":{"line":29,"column":0},"end":{"line":29,"column":4}},"29":{"start":{"line":30,"column":0},"end":{"line":30,"column":49}},"30":{"start":{"line":31,"column":0},"end":{"line":31,"column":54}},"31":{"start":{"line":32,"column":0},"end":{"line":32,"column":41}},"32":{"start":{"line":33,"column":0},"end":{"line":33,"column":41}},"33":{"start":{"line":34,"column":0},"end":{"line":34,"column":49}},"34":{"start":{"line":35,"column":0},"end":{"line":35,"column":83}},"36":{"start":{"line":37,"column":0},"end":{"line":37,"column":53}},"37":{"start":{"line":38,"column":0},"end":{"line":38,"column":45}},"38":{"start":{"line":39,"column":0},"end":{"line":39,"column":82}},"39":{"start":{"line":40,"column":0},"end":{"line":40,"column":4}},"41":{"start":{"line":42,"column":0},"end":{"line":42,"column":36}},"42":{"start":{"line":43,"column":0},"end":{"line":43,"column":22}},"43":{"start":{"line":44,"column":0},"end":{"line":44,"column":43}},"44":{"start":{"line":45,"column":0},"end":{"line":45,"column":96}},"45":{"start":{"line":46,"column":0},"end":{"line":46,"column":29}},"46":{"start":{"line":47,"column":0},"end":{"line":47,"column":16}},"47":{"start":{"line":48,"column":0},"end":{"line":48,"column":43}},"48":{"start":{"line":49,"column":0},"end":{"line":49,"column":34}},"49":{"start":{"line":50,"column":0},"end":{"line":50,"column":32}},"50":{"start":{"line":51,"column":0},"end":{"line":51,"column":8}},"51":{"start":{"line":52,"column":0},"end":{"line":52,"column":14}},"52":{"start":{"line":53,"column":0},"end":{"line":53,"column":7}},"53":{"start":{"line":54,"column":0},"end":{"line":54,"column":4}},"55":{"start":{"line":56,"column":0},"end":{"line":56,"column":42}},"56":{"start":{"line":57,"column":0},"end":{"line":57,"column":53}},"57":{"start":{"line":58,"column":0},"end":{"line":58,"column":42}},"58":{"start":{"line":59,"column":0},"end":{"line":59,"column":11}},"59":{"start":{"line":60,"column":0},"end":{"line":60,"column":32}},"60":{"start":{"line":61,"column":0},"end":{"line":61,"column":15}},"61":{"start":{"line":62,"column":0},"end":{"line":62,"column":32}},"62":{"start":{"line":63,"column":0},"end":{"line":63,"column":7}},"63":{"start":{"line":64,"column":0},"end":{"line":64,"column":5}},"64":{"start":{"line":65,"column":0},"end":{"line":65,"column":28}},"65":{"start":{"line":66,"column":0},"end":{"line":66,"column":4}},"67":{"start":{"line":68,"column":0},"end":{"line":68,"column":44}},"68":{"start":{"line":69,"column":0},"end":{"line":69,"column":56}},"69":{"start":{"line":70,"column":0},"end":{"line":70,"column":96}},"70":{"start":{"line":71,"column":0},"end":{"line":71,"column":31}},"71":{"start":{"line":72,"column":0},"end":{"line":72,"column":18}},"72":{"start":{"line":73,"column":0},"end":{"line":73,"column":13}},"73":{"start":{"line":74,"column":0},"end":{"line":74,"column":4}},"75":{"start":{"line":76,"column":0},"end":{"line":76,"column":19}},"76":{"start":{"line":77,"column":0},"end":{"line":77,"column":16}},"77":{"start":{"line":78,"column":0},"end":{"line":78,"column":24}},"78":{"start":{"line":79,"column":0},"end":{"line":79,"column":13}},"79":{"start":{"line":80,"column":0},"end":{"line":80,"column":5}},"80":{"start":{"line":81,"column":0},"end":{"line":81,"column":38}},"81":{"start":{"line":82,"column":0},"end":{"line":82,"column":11}},"82":{"start":{"line":83,"column":0},"end":{"line":83,"column":30}},"83":{"start":{"line":84,"column":0},"end":{"line":84,"column":19}},"84":{"start":{"line":85,"column":0},"end":{"line":85,"column":51}},"85":{"start":{"line":86,"column":0},"end":{"line":86,"column":17}},"86":{"start":{"line":87,"column":0},"end":{"line":87,"column":26}},"87":{"start":{"line":88,"column":0},"end":{"line":88,"column":7}},"88":{"start":{"line":89,"column":0},"end":{"line":89,"column":6}},"89":{"start":{"line":90,"column":0},"end":{"line":90,"column":19}},"90":{"start":{"line":91,"column":0},"end":{"line":91,"column":18}},"92":{"start":{"line":93,"column":0},"end":{"line":93,"column":54}},"93":{"start":{"line":94,"column":0},"end":{"line":94,"column":96}},"95":{"start":{"line":96,"column":0},"end":{"line":96,"column":33}},"96":{"start":{"line":97,"column":0},"end":{"line":97,"column":30}},"97":{"start":{"line":98,"column":0},"end":{"line":98,"column":69}},"98":{"start":{"line":99,"column":0},"end":{"line":99,"column":58}},"99":{"start":{"line":100,"column":0},"end":{"line":100,"column":45}},"100":{"start":{"line":101,"column":0},"end":{"line":101,"column":43}},"101":{"start":{"line":102,"column":0},"end":{"line":102,"column":74}},"102":{"start":{"line":103,"column":0},"end":{"line":103,"column":12}},"103":{"start":{"line":104,"column":0},"end":{"line":104,"column":45}},"104":{"start":{"line":105,"column":0},"end":{"line":105,"column":46}},"105":{"start":{"line":106,"column":0},"end":{"line":106,"column":39}},"106":{"start":{"line":107,"column":0},"end":{"line":107,"column":15}},"107":{"start":{"line":108,"column":0},"end":{"line":108,"column":6}},"108":{"start":{"line":109,"column":0},"end":{"line":109,"column":16}},"110":{"start":{"line":111,"column":0},"end":{"line":111,"column":33}},"111":{"start":{"line":112,"column":0},"end":{"line":112,"column":17}},"112":{"start":{"line":113,"column":0},"end":{"line":113,"column":45}},"113":{"start":{"line":114,"column":0},"end":{"line":114,"column":4}},"115":{"start":{"line":116,"column":0},"end":{"line":116,"column":55}},"116":{"start":{"line":117,"column":0},"end":{"line":117,"column":16}},"117":{"start":{"line":118,"column":0},"end":{"line":118,"column":53}},"118":{"start":{"line":119,"column":0},"end":{"line":119,"column":11}},"119":{"start":{"line":120,"column":0},"end":{"line":120,"column":36}},"120":{"start":{"line":121,"column":0},"end":{"line":121,"column":45}},"121":{"start":{"line":122,"column":0},"end":{"line":122,"column":53}},"122":{"start":{"line":123,"column":0},"end":{"line":123,"column":55}},"123":{"start":{"line":124,"column":0},"end":{"line":124,"column":53}},"124":{"start":{"line":125,"column":0},"end":{"line":125,"column":31}},"125":{"start":{"line":126,"column":0},"end":{"line":126,"column":44}},"126":{"start":{"line":127,"column":0},"end":{"line":127,"column":42}},"127":{"start":{"line":128,"column":0},"end":{"line":128,"column":35}},"128":{"start":{"line":129,"column":0},"end":{"line":129,"column":11}},"129":{"start":{"line":130,"column":0},"end":{"line":130,"column":48}},"131":{"start":{"line":132,"column":0},"end":{"line":132,"column":72}},"132":{"start":{"line":133,"column":0},"end":{"line":133,"column":20}},"133":{"start":{"line":134,"column":0},"end":{"line":134,"column":33}},"134":{"start":{"line":135,"column":0},"end":{"line":135,"column":7}},"135":{"start":{"line":136,"column":0},"end":{"line":136,"column":18}},"136":{"start":{"line":137,"column":0},"end":{"line":137,"column":83}},"137":{"start":{"line":138,"column":0},"end":{"line":138,"column":70}},"138":{"start":{"line":139,"column":0},"end":{"line":139,"column":5}},"139":{"start":{"line":140,"column":0},"end":{"line":140,"column":22}},"140":{"start":{"line":141,"column":0},"end":{"line":141,"column":4}},"142":{"start":{"line":143,"column":0},"end":{"line":143,"column":60}},"143":{"start":{"line":144,"column":0},"end":{"line":144,"column":75}},"144":{"start":{"line":145,"column":0},"end":{"line":145,"column":66}},"145":{"start":{"line":146,"column":0},"end":{"line":146,"column":90}},"146":{"start":{"line":147,"column":0},"end":{"line":147,"column":18}},"147":{"start":{"line":148,"column":0},"end":{"line":148,"column":57}},"148":{"start":{"line":149,"column":0},"end":{"line":149,"column":50}},"149":{"start":{"line":150,"column":0},"end":{"line":150,"column":94}},"150":{"start":{"line":151,"column":0},"end":{"line":151,"column":27}},"151":{"start":{"line":152,"column":0},"end":{"line":152,"column":5}},"152":{"start":{"line":153,"column":0},"end":{"line":153,"column":37}},"153":{"start":{"line":154,"column":0},"end":{"line":154,"column":24}},"154":{"start":{"line":155,"column":0},"end":{"line":155,"column":57}},"155":{"start":{"line":156,"column":0},"end":{"line":156,"column":34}},"156":{"start":{"line":157,"column":0},"end":{"line":157,"column":77}},"157":{"start":{"line":158,"column":0},"end":{"line":158,"column":74}},"158":{"start":{"line":159,"column":0},"end":{"line":159,"column":5}},"159":{"start":{"line":160,"column":0},"end":{"line":160,"column":19}},"160":{"start":{"line":161,"column":0},"end":{"line":161,"column":3}},"161":{"start":{"line":162,"column":0},"end":{"line":162,"column":17}},"162":{"start":{"line":163,"column":0},"end":{"line":163,"column":2}},"165":{"start":{"line":166,"column":0},"end":{"line":166,"column":31}},"166":{"start":{"line":167,"column":0},"end":{"line":167,"column":18}},"167":{"start":{"line":168,"column":0},"end":{"line":168,"column":57}},"168":{"start":{"line":169,"column":0},"end":{"line":169,"column":13}},"169":{"start":{"line":170,"column":0},"end":{"line":170,"column":5}},"170":{"start":{"line":171,"column":0},"end":{"line":171,"column":25}},"172":{"start":{"line":173,"column":0},"end":{"line":173,"column":24}},"173":{"start":{"line":174,"column":0},"end":{"line":174,"column":17}},"174":{"start":{"line":175,"column":0},"end":{"line":175,"column":17}},"176":{"start":{"line":177,"column":0},"end":{"line":177,"column":9}},"177":{"start":{"line":178,"column":0},"end":{"line":178,"column":18}},"178":{"start":{"line":179,"column":0},"end":{"line":179,"column":25}},"179":{"start":{"line":180,"column":0},"end":{"line":180,"column":38}},"180":{"start":{"line":181,"column":0},"end":{"line":181,"column":26}},"181":{"start":{"line":182,"column":0},"end":{"line":182,"column":27}},"182":{"start":{"line":183,"column":0},"end":{"line":183,"column":27}},"184":{"start":{"line":185,"column":0},"end":{"line":185,"column":75}},"185":{"start":{"line":186,"column":0},"end":{"line":186,"column":62}},"186":{"start":{"line":187,"column":0},"end":{"line":187,"column":29}},"187":{"start":{"line":188,"column":0},"end":{"line":188,"column":15}},"188":{"start":{"line":189,"column":0},"end":{"line":189,"column":7}},"190":{"start":{"line":191,"column":0},"end":{"line":191,"column":73}},"192":{"start":{"line":193,"column":0},"end":{"line":193,"column":52}},"194":{"start":{"line":195,"column":0},"end":{"line":195,"column":74}},"195":{"start":{"line":196,"column":0},"end":{"line":196,"column":22}},"196":{"start":{"line":197,"column":0},"end":{"line":197,"column":9}},"197":{"start":{"line":198,"column":0},"end":{"line":198,"column":21}},"198":{"start":{"line":199,"column":0},"end":{"line":199,"column":60}},"199":{"start":{"line":200,"column":0},"end":{"line":200,"column":53}},"200":{"start":{"line":201,"column":0},"end":{"line":201,"column":82}},"201":{"start":{"line":202,"column":0},"end":{"line":202,"column":7}},"203":{"start":{"line":204,"column":0},"end":{"line":204,"column":40}},"204":{"start":{"line":205,"column":0},"end":{"line":205,"column":26}},"205":{"start":{"line":206,"column":0},"end":{"line":206,"column":49}},"206":{"start":{"line":207,"column":0},"end":{"line":207,"column":25}},"207":{"start":{"line":208,"column":0},"end":{"line":208,"column":17}},"208":{"start":{"line":209,"column":0},"end":{"line":209,"column":58}},"209":{"start":{"line":210,"column":0},"end":{"line":210,"column":15}},"210":{"start":{"line":211,"column":0},"end":{"line":211,"column":27}},"211":{"start":{"line":212,"column":0},"end":{"line":212,"column":5}},"212":{"start":{"line":213,"column":0},"end":{"line":213,"column":4}},"214":{"start":{"line":215,"column":0},"end":{"line":215,"column":10}},"215":{"start":{"line":216,"column":0},"end":{"line":216,"column":29}},"216":{"start":{"line":217,"column":0},"end":{"line":217,"column":31}},"217":{"start":{"line":218,"column":0},"end":{"line":218,"column":92}},"219":{"start":{"line":220,"column":0},"end":{"line":220,"column":17}},"220":{"start":{"line":221,"column":0},"end":{"line":221,"column":51}},"221":{"start":{"line":222,"column":0},"end":{"line":222,"column":37}},"222":{"start":{"line":223,"column":0},"end":{"line":223,"column":12}},"224":{"start":{"line":225,"column":0},"end":{"line":225,"column":17}},"225":{"start":{"line":226,"column":0},"end":{"line":226,"column":49}},"226":{"start":{"line":227,"column":0},"end":{"line":227,"column":49}},"227":{"start":{"line":228,"column":0},"end":{"line":228,"column":14}},"231":{"start":{"line":232,"column":0},"end":{"line":232,"column":35}},"232":{"start":{"line":233,"column":0},"end":{"line":233,"column":35}},"233":{"start":{"line":234,"column":0},"end":{"line":234,"column":35}},"234":{"start":{"line":235,"column":0},"end":{"line":235,"column":79}},"235":{"start":{"line":236,"column":0},"end":{"line":236,"column":20}},"236":{"start":{"line":237,"column":0},"end":{"line":237,"column":28}},"237":{"start":{"line":238,"column":0},"end":{"line":238,"column":29}},"238":{"start":{"line":239,"column":0},"end":{"line":239,"column":43}},"239":{"start":{"line":240,"column":0},"end":{"line":240,"column":55}},"240":{"start":{"line":241,"column":0},"end":{"line":241,"column":16}},"241":{"start":{"line":242,"column":0},"end":{"line":242,"column":46}},"242":{"start":{"line":243,"column":0},"end":{"line":243,"column":42}},"243":{"start":{"line":244,"column":0},"end":{"line":244,"column":75}},"244":{"start":{"line":245,"column":0},"end":{"line":245,"column":79}},"245":{"start":{"line":246,"column":0},"end":{"line":246,"column":87}},"246":{"start":{"line":247,"column":0},"end":{"line":247,"column":22}},"247":{"start":{"line":248,"column":0},"end":{"line":248,"column":42}},"248":{"start":{"line":249,"column":0},"end":{"line":249,"column":76}},"249":{"start":{"line":250,"column":0},"end":{"line":250,"column":79}},"250":{"start":{"line":251,"column":0},"end":{"line":251,"column":77}},"251":{"start":{"line":252,"column":0},"end":{"line":252,"column":24}},"252":{"start":{"line":253,"column":0},"end":{"line":253,"column":22}},"253":{"start":{"line":254,"column":0},"end":{"line":254,"column":20}},"254":{"start":{"line":255,"column":0},"end":{"line":255,"column":20}},"256":{"start":{"line":257,"column":0},"end":{"line":257,"column":77}},"257":{"start":{"line":258,"column":0},"end":{"line":258,"column":20}},"258":{"start":{"line":259,"column":0},"end":{"line":259,"column":28}},"259":{"start":{"line":260,"column":0},"end":{"line":260,"column":29}},"260":{"start":{"line":261,"column":0},"end":{"line":261,"column":41}},"261":{"start":{"line":262,"column":0},"end":{"line":262,"column":53}},"262":{"start":{"line":263,"column":0},"end":{"line":263,"column":16}},"263":{"start":{"line":264,"column":0},"end":{"line":264,"column":46}},"264":{"start":{"line":265,"column":0},"end":{"line":265,"column":42}},"265":{"start":{"line":266,"column":0},"end":{"line":266,"column":91}},"266":{"start":{"line":267,"column":0},"end":{"line":267,"column":22}},"267":{"start":{"line":268,"column":0},"end":{"line":268,"column":42}},"268":{"start":{"line":269,"column":0},"end":{"line":269,"column":59}},"269":{"start":{"line":270,"column":0},"end":{"line":270,"column":88}},"270":{"start":{"line":271,"column":0},"end":{"line":271,"column":22}},"271":{"start":{"line":272,"column":0},"end":{"line":272,"column":20}},"272":{"start":{"line":273,"column":0},"end":{"line":273,"column":20}},"273":{"start":{"line":274,"column":0},"end":{"line":274,"column":16}},"274":{"start":{"line":275,"column":0},"end":{"line":275,"column":16}},"276":{"start":{"line":277,"column":0},"end":{"line":277,"column":46}},"277":{"start":{"line":278,"column":0},"end":{"line":278,"column":68}},"278":{"start":{"line":279,"column":0},"end":{"line":279,"column":64}},"279":{"start":{"line":280,"column":0},"end":{"line":280,"column":72}},"280":{"start":{"line":281,"column":0},"end":{"line":281,"column":45}},"281":{"start":{"line":282,"column":0},"end":{"line":282,"column":14}},"282":{"start":{"line":283,"column":0},"end":{"line":283,"column":42}},"283":{"start":{"line":284,"column":0},"end":{"line":284,"column":37}},"284":{"start":{"line":285,"column":0},"end":{"line":285,"column":44}},"285":{"start":{"line":286,"column":0},"end":{"line":286,"column":20}},"286":{"start":{"line":287,"column":0},"end":{"line":287,"column":42}},"287":{"start":{"line":288,"column":0},"end":{"line":288,"column":47}},"288":{"start":{"line":289,"column":0},"end":{"line":289,"column":41}},"289":{"start":{"line":290,"column":0},"end":{"line":290,"column":20}},"290":{"start":{"line":291,"column":0},"end":{"line":291,"column":55}},"291":{"start":{"line":292,"column":0},"end":{"line":292,"column":34}},"292":{"start":{"line":293,"column":0},"end":{"line":293,"column":41}},"293":{"start":{"line":294,"column":0},"end":{"line":294,"column":20}},"294":{"start":{"line":295,"column":0},"end":{"line":295,"column":100}},"295":{"start":{"line":296,"column":0},"end":{"line":296,"column":54}},"296":{"start":{"line":297,"column":0},"end":{"line":297,"column":23}},"297":{"start":{"line":298,"column":0},"end":{"line":298,"column":15}},"299":{"start":{"line":300,"column":0},"end":{"line":300,"column":16}},"300":{"start":{"line":301,"column":0},"end":{"line":301,"column":16}},"302":{"start":{"line":303,"column":0},"end":{"line":303,"column":25}},"303":{"start":{"line":304,"column":0},"end":{"line":304,"column":18}},"304":{"start":{"line":305,"column":0},"end":{"line":305,"column":47}},"305":{"start":{"line":306,"column":0},"end":{"line":306,"column":49}},"306":{"start":{"line":307,"column":0},"end":{"line":307,"column":58}},"307":{"start":{"line":308,"column":0},"end":{"line":308,"column":39}},"308":{"start":{"line":309,"column":0},"end":{"line":309,"column":58}},"309":{"start":{"line":310,"column":0},"end":{"line":310,"column":60}},"310":{"start":{"line":311,"column":0},"end":{"line":311,"column":51}},"311":{"start":{"line":312,"column":0},"end":{"line":312,"column":30}},"312":{"start":{"line":313,"column":0},"end":{"line":313,"column":57}},"313":{"start":{"line":314,"column":0},"end":{"line":314,"column":25}},"314":{"start":{"line":315,"column":0},"end":{"line":315,"column":30}},"315":{"start":{"line":316,"column":0},"end":{"line":316,"column":33}},"316":{"start":{"line":317,"column":0},"end":{"line":317,"column":47}},"317":{"start":{"line":318,"column":0},"end":{"line":318,"column":42}},"318":{"start":{"line":319,"column":0},"end":{"line":319,"column":48}},"319":{"start":{"line":320,"column":0},"end":{"line":320,"column":35}},"320":{"start":{"line":321,"column":0},"end":{"line":321,"column":36}},"321":{"start":{"line":322,"column":0},"end":{"line":322,"column":28}},"322":{"start":{"line":323,"column":0},"end":{"line":323,"column":32}},"323":{"start":{"line":324,"column":0},"end":{"line":324,"column":15}},"324":{"start":{"line":325,"column":0},"end":{"line":325,"column":36}},"325":{"start":{"line":326,"column":0},"end":{"line":326,"column":12}},"326":{"start":{"line":327,"column":0},"end":{"line":327,"column":10}},"329":{"start":{"line":330,"column":0},"end":{"line":330,"column":23}},"330":{"start":{"line":331,"column":0},"end":{"line":331,"column":61}},"331":{"start":{"line":332,"column":0},"end":{"line":332,"column":26}},"332":{"start":{"line":333,"column":0},"end":{"line":333,"column":17}},"333":{"start":{"line":334,"column":0},"end":{"line":334,"column":34}},"334":{"start":{"line":335,"column":0},"end":{"line":335,"column":81}},"335":{"start":{"line":336,"column":0},"end":{"line":336,"column":11}},"337":{"start":{"line":338,"column":0},"end":{"line":338,"column":19}},"338":{"start":{"line":339,"column":0},"end":{"line":339,"column":14}},"340":{"start":{"line":341,"column":0},"end":{"line":341,"column":10}},"342":{"start":{"line":343,"column":0},"end":{"line":343,"column":1}},"344":{"start":{"line":345,"column":0},"end":{"line":345,"column":66}},"345":{"start":{"line":346,"column":0},"end":{"line":346,"column":36}},"346":{"start":{"line":347,"column":0},"end":{"line":347,"column":19}},"347":{"start":{"line":348,"column":0},"end":{"line":348,"column":15}},"348":{"start":{"line":349,"column":0},"end":{"line":349,"column":13}},"349":{"start":{"line":350,"column":0},"end":{"line":350,"column":12}},"350":{"start":{"line":351,"column":0},"end":{"line":351,"column":12}},"351":{"start":{"line":352,"column":0},"end":{"line":352,"column":19}},"352":{"start":{"line":353,"column":0},"end":{"line":353,"column":12}},"353":{"start":{"line":354,"column":0},"end":{"line":354,"column":5}},"354":{"start":{"line":355,"column":0},"end":{"line":355,"column":39}},"355":{"start":{"line":356,"column":0},"end":{"line":356,"column":45}},"356":{"start":{"line":357,"column":0},"end":{"line":357,"column":52}},"357":{"start":{"line":358,"column":0},"end":{"line":358,"column":44}},"359":{"start":{"line":360,"column":0},"end":{"line":360,"column":49}},"361":{"start":{"line":362,"column":0},"end":{"line":362,"column":77}},"362":{"start":{"line":363,"column":0},"end":{"line":363,"column":27}},"363":{"start":{"line":364,"column":0},"end":{"line":364,"column":52}},"364":{"start":{"line":365,"column":0},"end":{"line":365,"column":24}},"365":{"start":{"line":366,"column":0},"end":{"line":366,"column":34}},"366":{"start":{"line":367,"column":0},"end":{"line":367,"column":34}},"367":{"start":{"line":368,"column":0},"end":{"line":368,"column":39}},"368":{"start":{"line":369,"column":0},"end":{"line":369,"column":27}},"369":{"start":{"line":370,"column":0},"end":{"line":370,"column":24}},"370":{"start":{"line":371,"column":0},"end":{"line":371,"column":4}},"371":{"start":{"line":372,"column":0},"end":{"line":372,"column":37}},"372":{"start":{"line":373,"column":0},"end":{"line":373,"column":27}},"373":{"start":{"line":374,"column":0},"end":{"line":374,"column":34}},"374":{"start":{"line":375,"column":0},"end":{"line":375,"column":33}},"375":{"start":{"line":376,"column":0},"end":{"line":376,"column":50}},"376":{"start":{"line":377,"column":0},"end":{"line":377,"column":4}},"377":{"start":{"line":378,"column":0},"end":{"line":378,"column":35}},"378":{"start":{"line":379,"column":0},"end":{"line":379,"column":36}},"379":{"start":{"line":380,"column":0},"end":{"line":380,"column":62}},"380":{"start":{"line":381,"column":0},"end":{"line":381,"column":67}},"381":{"start":{"line":382,"column":0},"end":{"line":382,"column":75}},"382":{"start":{"line":383,"column":0},"end":{"line":383,"column":25}},"383":{"start":{"line":384,"column":0},"end":{"line":384,"column":4}},"385":{"start":{"line":386,"column":0},"end":{"line":386,"column":19}},"386":{"start":{"line":387,"column":0},"end":{"line":387,"column":17}},"387":{"start":{"line":388,"column":0},"end":{"line":388,"column":43}},"388":{"start":{"line":389,"column":0},"end":{"line":389,"column":70}},"389":{"start":{"line":390,"column":0},"end":{"line":390,"column":85}},"390":{"start":{"line":391,"column":0},"end":{"line":391,"column":52}},"391":{"start":{"line":392,"column":0},"end":{"line":392,"column":49}},"392":{"start":{"line":393,"column":0},"end":{"line":393,"column":75}},"393":{"start":{"line":394,"column":0},"end":{"line":394,"column":64}},"394":{"start":{"line":395,"column":0},"end":{"line":395,"column":70}},"395":{"start":{"line":396,"column":0},"end":{"line":396,"column":84}},"396":{"start":{"line":397,"column":0},"end":{"line":397,"column":15}},"398":{"start":{"line":399,"column":0},"end":{"line":399,"column":16}},"399":{"start":{"line":400,"column":0},"end":{"line":400,"column":35}},"400":{"start":{"line":401,"column":0},"end":{"line":401,"column":39}},"401":{"start":{"line":402,"column":0},"end":{"line":402,"column":19}},"402":{"start":{"line":403,"column":0},"end":{"line":403,"column":43}},"403":{"start":{"line":404,"column":0},"end":{"line":404,"column":48}},"404":{"start":{"line":405,"column":0},"end":{"line":405,"column":11}},"405":{"start":{"line":406,"column":0},"end":{"line":406,"column":42}},"406":{"start":{"line":407,"column":0},"end":{"line":407,"column":50}},"407":{"start":{"line":408,"column":0},"end":{"line":408,"column":6}},"408":{"start":{"line":409,"column":0},"end":{"line":409,"column":47}},"409":{"start":{"line":410,"column":0},"end":{"line":410,"column":13}},"411":{"start":{"line":412,"column":0},"end":{"line":412,"column":64}},"413":{"start":{"line":414,"column":0},"end":{"line":414,"column":27}},"414":{"start":{"line":415,"column":0},"end":{"line":415,"column":37}},"415":{"start":{"line":416,"column":0},"end":{"line":416,"column":28}},"416":{"start":{"line":417,"column":0},"end":{"line":417,"column":52}},"417":{"start":{"line":418,"column":0},"end":{"line":418,"column":68}},"418":{"start":{"line":419,"column":0},"end":{"line":419,"column":49}},"419":{"start":{"line":420,"column":0},"end":{"line":420,"column":13}},"420":{"start":{"line":421,"column":0},"end":{"line":421,"column":5}},"421":{"start":{"line":422,"column":0},"end":{"line":422,"column":25}},"422":{"start":{"line":423,"column":0},"end":{"line":423,"column":43}},"423":{"start":{"line":424,"column":0},"end":{"line":424,"column":61}},"424":{"start":{"line":425,"column":0},"end":{"line":425,"column":58}},"425":{"start":{"line":426,"column":0},"end":{"line":426,"column":42}},"426":{"start":{"line":427,"column":0},"end":{"line":427,"column":41}},"427":{"start":{"line":428,"column":0},"end":{"line":428,"column":13}},"428":{"start":{"line":429,"column":0},"end":{"line":429,"column":5}},"429":{"start":{"line":430,"column":0},"end":{"line":430,"column":25}},"430":{"start":{"line":431,"column":0},"end":{"line":431,"column":53}},"431":{"start":{"line":432,"column":0},"end":{"line":432,"column":41}},"432":{"start":{"line":433,"column":0},"end":{"line":433,"column":13}},"433":{"start":{"line":434,"column":0},"end":{"line":434,"column":5}},"434":{"start":{"line":435,"column":0},"end":{"line":435,"column":25}},"435":{"start":{"line":436,"column":0},"end":{"line":436,"column":15}},"436":{"start":{"line":437,"column":0},"end":{"line":437,"column":98}},"437":{"start":{"line":438,"column":0},"end":{"line":438,"column":41}},"438":{"start":{"line":439,"column":0},"end":{"line":439,"column":13}},"439":{"start":{"line":440,"column":0},"end":{"line":440,"column":5}},"440":{"start":{"line":441,"column":0},"end":{"line":441,"column":46}},"441":{"start":{"line":442,"column":0},"end":{"line":442,"column":4}},"443":{"start":{"line":444,"column":0},"end":{"line":444,"column":25}},"444":{"start":{"line":445,"column":0},"end":{"line":445,"column":30}},"445":{"start":{"line":446,"column":0},"end":{"line":446,"column":48}},"446":{"start":{"line":447,"column":0},"end":{"line":447,"column":4}},"448":{"start":{"line":449,"column":0},"end":{"line":449,"column":32}},"449":{"start":{"line":450,"column":0},"end":{"line":450,"column":23}},"450":{"start":{"line":451,"column":0},"end":{"line":451,"column":17}},"451":{"start":{"line":452,"column":0},"end":{"line":452,"column":68}},"452":{"start":{"line":453,"column":0},"end":{"line":453,"column":26}},"453":{"start":{"line":454,"column":0},"end":{"line":454,"column":13}},"454":{"start":{"line":455,"column":0},"end":{"line":455,"column":5}},"455":{"start":{"line":456,"column":0},"end":{"line":456,"column":25}},"456":{"start":{"line":457,"column":0},"end":{"line":457,"column":4}},"458":{"start":{"line":459,"column":0},"end":{"line":459,"column":10}},"459":{"start":{"line":460,"column":0},"end":{"line":460,"column":65}},"460":{"start":{"line":461,"column":0},"end":{"line":461,"column":32}},"461":{"start":{"line":462,"column":0},"end":{"line":462,"column":39}},"462":{"start":{"line":463,"column":0},"end":{"line":463,"column":40}},"463":{"start":{"line":464,"column":0},"end":{"line":464,"column":32}},"464":{"start":{"line":465,"column":0},"end":{"line":465,"column":16}},"465":{"start":{"line":466,"column":0},"end":{"line":466,"column":69}},"467":{"start":{"line":468,"column":0},"end":{"line":468,"column":19}},"468":{"start":{"line":469,"column":0},"end":{"line":469,"column":17}},"470":{"start":{"line":471,"column":0},"end":{"line":471,"column":35}},"471":{"start":{"line":472,"column":0},"end":{"line":472,"column":38}},"472":{"start":{"line":473,"column":0},"end":{"line":473,"column":40}},"473":{"start":{"line":474,"column":0},"end":{"line":474,"column":19}},"474":{"start":{"line":475,"column":0},"end":{"line":475,"column":34}},"475":{"start":{"line":476,"column":0},"end":{"line":476,"column":25}},"476":{"start":{"line":477,"column":0},"end":{"line":477,"column":31}},"477":{"start":{"line":478,"column":0},"end":{"line":478,"column":33}},"478":{"start":{"line":479,"column":0},"end":{"line":479,"column":29}},"480":{"start":{"line":481,"column":0},"end":{"line":481,"column":53}},"481":{"start":{"line":482,"column":0},"end":{"line":482,"column":51}},"482":{"start":{"line":483,"column":0},"end":{"line":483,"column":21}},"483":{"start":{"line":484,"column":0},"end":{"line":484,"column":18}},"485":{"start":{"line":486,"column":0},"end":{"line":486,"column":84}},"486":{"start":{"line":487,"column":0},"end":{"line":487,"column":42}},"487":{"start":{"line":488,"column":0},"end":{"line":488,"column":18}},"488":{"start":{"line":489,"column":0},"end":{"line":489,"column":34}},"489":{"start":{"line":490,"column":0},"end":{"line":490,"column":27}},"490":{"start":{"line":491,"column":0},"end":{"line":491,"column":47}},"491":{"start":{"line":492,"column":0},"end":{"line":492,"column":33}},"492":{"start":{"line":493,"column":0},"end":{"line":493,"column":33}},"493":{"start":{"line":494,"column":0},"end":{"line":494,"column":29}},"494":{"start":{"line":495,"column":0},"end":{"line":495,"column":33}},"495":{"start":{"line":496,"column":0},"end":{"line":496,"column":28}},"496":{"start":{"line":497,"column":0},"end":{"line":497,"column":23}},"497":{"start":{"line":498,"column":0},"end":{"line":498,"column":14}},"498":{"start":{"line":499,"column":0},"end":{"line":499,"column":82}},"499":{"start":{"line":500,"column":0},"end":{"line":500,"column":18}},"501":{"start":{"line":502,"column":0},"end":{"line":502,"column":82}},"502":{"start":{"line":503,"column":0},"end":{"line":503,"column":43}},"503":{"start":{"line":504,"column":0},"end":{"line":504,"column":18}},"504":{"start":{"line":505,"column":0},"end":{"line":505,"column":34}},"505":{"start":{"line":506,"column":0},"end":{"line":506,"column":25}},"506":{"start":{"line":507,"column":0},"end":{"line":507,"column":44}},"507":{"start":{"line":508,"column":0},"end":{"line":508,"column":31}},"508":{"start":{"line":509,"column":0},"end":{"line":509,"column":33}},"509":{"start":{"line":510,"column":0},"end":{"line":510,"column":29}},"510":{"start":{"line":511,"column":0},"end":{"line":511,"column":14}},"511":{"start":{"line":512,"column":0},"end":{"line":512,"column":78}},"512":{"start":{"line":513,"column":0},"end":{"line":513,"column":18}},"514":{"start":{"line":515,"column":0},"end":{"line":515,"column":34}},"515":{"start":{"line":516,"column":0},"end":{"line":516,"column":83}},"516":{"start":{"line":517,"column":0},"end":{"line":517,"column":38}},"517":{"start":{"line":518,"column":0},"end":{"line":518,"column":20}},"518":{"start":{"line":519,"column":0},"end":{"line":519,"column":36}},"519":{"start":{"line":520,"column":0},"end":{"line":520,"column":26}},"520":{"start":{"line":521,"column":0},"end":{"line":521,"column":35}},"521":{"start":{"line":522,"column":0},"end":{"line":522,"column":32}},"522":{"start":{"line":523,"column":0},"end":{"line":523,"column":35}},"523":{"start":{"line":524,"column":0},"end":{"line":524,"column":31}},"524":{"start":{"line":525,"column":0},"end":{"line":525,"column":29}},"525":{"start":{"line":526,"column":0},"end":{"line":526,"column":16}},"526":{"start":{"line":527,"column":0},"end":{"line":527,"column":78}},"527":{"start":{"line":528,"column":0},"end":{"line":528,"column":20}},"529":{"start":{"line":530,"column":0},"end":{"line":530,"column":83}},"530":{"start":{"line":531,"column":0},"end":{"line":531,"column":46}},"531":{"start":{"line":532,"column":0},"end":{"line":532,"column":20}},"532":{"start":{"line":533,"column":0},"end":{"line":533,"column":36}},"533":{"start":{"line":534,"column":0},"end":{"line":534,"column":26}},"534":{"start":{"line":535,"column":0},"end":{"line":535,"column":39}},"535":{"start":{"line":536,"column":0},"end":{"line":536,"column":32}},"536":{"start":{"line":537,"column":0},"end":{"line":537,"column":35}},"537":{"start":{"line":538,"column":0},"end":{"line":538,"column":31}},"538":{"start":{"line":539,"column":0},"end":{"line":539,"column":29}},"539":{"start":{"line":540,"column":0},"end":{"line":540,"column":35}},"540":{"start":{"line":541,"column":0},"end":{"line":541,"column":16}},"541":{"start":{"line":542,"column":0},"end":{"line":542,"column":78}},"542":{"start":{"line":543,"column":0},"end":{"line":543,"column":20}},"543":{"start":{"line":544,"column":0},"end":{"line":544,"column":16}},"545":{"start":{"line":546,"column":0},"end":{"line":546,"column":34}},"546":{"start":{"line":547,"column":0},"end":{"line":547,"column":40}},"547":{"start":{"line":548,"column":0},"end":{"line":548,"column":48}},"548":{"start":{"line":549,"column":0},"end":{"line":549,"column":21}},"549":{"start":{"line":550,"column":0},"end":{"line":550,"column":36}},"550":{"start":{"line":551,"column":0},"end":{"line":551,"column":30}},"551":{"start":{"line":552,"column":0},"end":{"line":552,"column":36}},"552":{"start":{"line":553,"column":0},"end":{"line":553,"column":35}},"553":{"start":{"line":554,"column":0},"end":{"line":554,"column":31}},"555":{"start":{"line":556,"column":0},"end":{"line":556,"column":36}},"556":{"start":{"line":557,"column":0},"end":{"line":557,"column":37}},"557":{"start":{"line":558,"column":0},"end":{"line":558,"column":37}},"558":{"start":{"line":559,"column":0},"end":{"line":559,"column":42}},"559":{"start":{"line":560,"column":0},"end":{"line":560,"column":23}},"560":{"start":{"line":561,"column":0},"end":{"line":561,"column":20}},"561":{"start":{"line":562,"column":0},"end":{"line":562,"column":83}},"562":{"start":{"line":563,"column":0},"end":{"line":563,"column":33}},"563":{"start":{"line":564,"column":0},"end":{"line":564,"column":20}},"564":{"start":{"line":565,"column":0},"end":{"line":565,"column":36}},"565":{"start":{"line":566,"column":0},"end":{"line":566,"column":26}},"566":{"start":{"line":567,"column":0},"end":{"line":567,"column":51}},"567":{"start":{"line":568,"column":0},"end":{"line":568,"column":32}},"568":{"start":{"line":569,"column":0},"end":{"line":569,"column":35}},"569":{"start":{"line":570,"column":0},"end":{"line":570,"column":31}},"570":{"start":{"line":571,"column":0},"end":{"line":571,"column":16}},"571":{"start":{"line":572,"column":0},"end":{"line":572,"column":78}},"572":{"start":{"line":573,"column":0},"end":{"line":573,"column":20}},"573":{"start":{"line":574,"column":0},"end":{"line":574,"column":16}},"574":{"start":{"line":575,"column":0},"end":{"line":575,"column":14}},"576":{"start":{"line":577,"column":0},"end":{"line":577,"column":42}},"577":{"start":{"line":578,"column":0},"end":{"line":578,"column":55}},"579":{"start":{"line":580,"column":0},"end":{"line":580,"column":19}},"580":{"start":{"line":581,"column":0},"end":{"line":581,"column":92}},"582":{"start":{"line":583,"column":0},"end":{"line":583,"column":19}},"583":{"start":{"line":584,"column":0},"end":{"line":584,"column":14}},"584":{"start":{"line":585,"column":0},"end":{"line":585,"column":35}},"585":{"start":{"line":586,"column":0},"end":{"line":586,"column":70}},"586":{"start":{"line":587,"column":0},"end":{"line":587,"column":16}},"587":{"start":{"line":588,"column":0},"end":{"line":588,"column":12}},"588":{"start":{"line":589,"column":0},"end":{"line":589,"column":10}},"590":{"start":{"line":591,"column":0},"end":{"line":591,"column":1}}},"s":{"0":1,"1":1,"2":1,"3":1,"4":1,"5":1,"6":1,"8":2,"9":2,"10":2,"11":2,"13":2,"14":2,"15":2,"16":2,"17":2,"18":0,"19":0,"20":0,"21":0,"22":0,"23":0,"24":0,"25":0,"26":0,"27":2,"28":2,"29":2,"30":2,"31":2,"32":2,"33":2,"34":2,"36":2,"37":0,"38":0,"39":0,"41":2,"42":2,"43":2,"44":2,"45":2,"46":2,"47":2,"48":2,"49":2,"50":2,"51":2,"52":2,"53":2,"55":2,"56":0,"57":0,"58":0,"59":0,"60":0,"61":0,"62":0,"63":0,"64":0,"65":0,"67":2,"68":2,"69":0,"70":0,"71":0,"72":0,"73":2,"75":2,"76":2,"77":0,"78":0,"79":0,"80":2,"81":2,"82":2,"83":2,"84":2,"85":2,"86":2,"87":2,"88":2,"89":2,"90":2,"92":2,"93":0,"95":2,"96":2,"97":2,"98":2,"99":2,"100":2,"101":2,"102":2,"103":2,"104":2,"105":2,"106":2,"107":2,"108":2,"110":2,"111":0,"112":0,"113":0,"115":2,"116":0,"117":0,"118":0,"119":0,"120":0,"121":0,"122":0,"123":0,"124":0,"125":0,"126":0,"127":0,"128":0,"129":0,"131":0,"132":0,"133":0,"134":0,"135":0,"136":0,"137":0,"138":0,"139":0,"140":0,"142":2,"143":0,"144":0,"145":0,"146":0,"147":0,"148":0,"149":0,"150":0,"151":0,"152":0,"153":0,"154":0,"155":0,"156":0,"157":0,"158":0,"159":0,"160":0,"161":0,"162":0,"165":2,"166":0,"167":0,"168":0,"169":0,"170":0,"172":0,"173":0,"174":0,"176":0,"177":0,"178":0,"179":0,"180":0,"181":0,"182":0,"184":0,"185":0,"186":0,"187":0,"188":0,"190":0,"192":0,"194":0,"195":0,"196":0,"197":0,"198":0,"199":0,"200":0,"201":0,"203":0,"204":0,"205":0,"206":0,"207":0,"208":0,"209":0,"210":0,"211":0,"212":0,"214":2,"215":2,"216":2,"217":2,"219":2,"220":2,"221":2,"222":2,"224":2,"225":0,"226":0,"227":0,"231":2,"232":2,"233":2,"234":2,"235":2,"236":2,"237":2,"238":2,"239":2,"240":2,"241":2,"242":2,"243":2,"244":2,"245":2,"246":2,"247":2,"248":2,"249":2,"250":2,"251":2,"252":2,"253":2,"254":2,"256":2,"257":2,"258":2,"259":2,"260":2,"261":2,"262":2,"263":2,"264":2,"265":2,"266":2,"267":2,"268":2,"269":2,"270":2,"271":2,"272":2,"273":2,"274":2,"276":2,"277":2,"278":2,"279":2,"280":2,"281":0,"282":0,"283":0,"284":0,"285":0,"286":0,"287":0,"288":0,"289":0,"290":0,"291":0,"292":0,"293":0,"294":0,"295":0,"296":0,"297":0,"299":2,"300":2,"302":2,"303":0,"304":0,"305":0,"306":0,"307":0,"308":0,"309":0,"310":0,"311":0,"312":0,"313":0,"314":0,"315":0,"316":0,"317":0,"318":0,"319":0,"320":0,"321":0,"322":0,"323":0,"324":0,"325":0,"326":0,"329":2,"330":0,"331":0,"332":0,"333":0,"334":0,"335":0,"337":0,"338":0,"340":2,"342":2,"344":0,"345":0,"346":0,"347":0,"348":0,"349":0,"350":0,"351":0,"352":0,"353":0,"354":0,"355":0,"356":0,"357":0,"359":0,"361":0,"362":0,"363":0,"364":0,"365":0,"366":0,"367":0,"368":0,"369":0,"370":0,"371":0,"372":0,"373":0,"374":0,"375":0,"376":0,"377":0,"378":0,"379":0,"380":0,"381":0,"382":0,"383":0,"385":0,"386":0,"387":0,"388":0,"389":0,"390":0,"391":0,"392":0,"393":0,"394":0,"395":0,"396":0,"398":0,"399":0,"400":0,"401":0,"402":0,"403":0,"404":0,"405":0,"406":0,"407":0,"408":0,"409":0,"411":0,"413":0,"414":0,"415":0,"416":0,"417":0,"418":0,"419":0,"420":0,"421":0,"422":0,"423":0,"424":0,"425":0,"426":0,"427":0,"428":0,"429":0,"430":0,"431":0,"432":0,"433":0,"434":0,"435":0,"436":0,"437":0,"438":0,"439":0,"440":0,"441":0,"443":0,"444":0,"445":0,"446":0,"448":0,"449":0,"450":0,"451":0,"452":0,"453":0,"454":0,"455":0,"456":0,"458":0,"459":0,"460":0,"461":0,"462":0,"463":0,"464":0,"465":0,"467":0,"468":0,"470":0,"471":0,"472":0,"473":0,"474":0,"475":0,"476":0,"477":0,"478":0,"480":0,"481":0,"482":0,"483":0,"485":0,"486":0,"487":0,"488":0,"489":0,"490":0,"491":0,"492":0,"493":0,"494":0,"495":0,"496":0,"497":0,"498":0,"499":0,"501":0,"502":0,"503":0,"504":0,"505":0,"506":0,"507":0,"508":0,"509":0,"510":0,"511":0,"512":0,"514":0,"515":0,"516":0,"517":0,"518":0,"519":0,"520":0,"521":0,"522":0,"523":0,"524":0,"525":0,"526":0,"527":0,"529":0,"530":0,"531":0,"532":0,"533":0,"534":0,"535":0,"536":0,"537":0,"538":0,"539":0,"540":0,"541":0,"542":0,"543":0,"545":0,"546":0,"547":0,"548":0,"549":0,"550":0,"551":0,"552":0,"553":0,"555":0,"556":0,"557":0,"558":0,"559":0,"560":0,"561":0,"562":0,"563":0,"564":0,"565":0,"566":0,"567":0,"568":0,"569":0,"570":0,"571":0,"572":0,"573":0,"574":0,"576":0,"577":0,"579":0,"580":0,"582":0,"583":0,"584":0,"585":0,"586":0,"587":0,"588":0,"590":0},"branchMap":{"0":{"type":"branch","line":9,"loc":{"start":{"line":9,"column":0},"end":{"line":343,"column":1}},"locations":[{"start":{"line":9,"column":0},"end":{"line":343,"column":1}}]},"1":{"type":"branch","line":18,"loc":{"start":{"line":18,"column":4},"end":{"line":27,"column":9}},"locations":[{"start":{"line":18,"column":4},"end":{"line":27,"column":9}}]},"2":{"type":"branch","line":225,"loc":{"start":{"line":225,"column":7},"end":{"line":228,"column":14}},"locations":[{"start":{"line":225,"column":7},"end":{"line":228,"column":14}}]},"3":{"type":"branch","line":235,"loc":{"start":{"line":235,"column":54},"end":{"line":235,"column":73}},"locations":[{"start":{"line":235,"column":54},"end":{"line":235,"column":73}}]},"4":{"type":"branch","line":250,"loc":{"start":{"line":250,"column":44},"end":{"line":250,"column":73}},"locations":[{"start":{"line":250,"column":44},"end":{"line":250,"column":73}}]},"5":{"type":"branch","line":257,"loc":{"start":{"line":257,"column":54},"end":{"line":257,"column":71}},"locations":[{"start":{"line":257,"column":54},"end":{"line":257,"column":71}}]},"6":{"type":"branch","line":280,"loc":{"start":{"line":280,"column":12},"end":{"line":280,"column":32}},"locations":[{"start":{"line":280,"column":12},"end":{"line":280,"column":32}}]},"7":{"type":"branch","line":280,"loc":{"start":{"line":280,"column":23},"end":{"line":280,"column":72}},"locations":[{"start":{"line":280,"column":23},"end":{"line":280,"column":72}}]},"8":{"type":"branch","line":281,"loc":{"start":{"line":281,"column":12},"end":{"line":281,"column":33}},"locations":[{"start":{"line":281,"column":12},"end":{"line":281,"column":33}}]},"9":{"type":"branch","line":281,"loc":{"start":{"line":281,"column":24},"end":{"line":281,"column":45}},"locations":[{"start":{"line":281,"column":24},"end":{"line":281,"column":45}}]},"10":{"type":"branch","line":281,"loc":{"start":{"line":281,"column":33},"end":{"line":298,"column":15}},"locations":[{"start":{"line":281,"column":33},"end":{"line":298,"column":15}}]},"11":{"type":"branch","line":303,"loc":{"start":{"line":303,"column":7},"end":{"line":327,"column":10}},"locations":[{"start":{"line":303,"column":7},"end":{"line":327,"column":10}}]},"12":{"type":"branch","line":330,"loc":{"start":{"line":330,"column":14},"end":{"line":339,"column":14}},"locations":[{"start":{"line":330,"column":14},"end":{"line":339,"column":14}}]},"13":{"type":"branch","line":42,"loc":{"start":{"line":42,"column":14},"end":{"line":54,"column":4}},"locations":[{"start":{"line":42,"column":14},"end":{"line":54,"column":4}}]},"14":{"type":"branch","line":68,"loc":{"start":{"line":68,"column":22},"end":{"line":74,"column":4}},"locations":[{"start":{"line":68,"column":22},"end":{"line":74,"column":4}}]},"15":{"type":"branch","line":69,"loc":{"start":{"line":69,"column":54},"end":{"line":73,"column":13}},"locations":[{"start":{"line":69,"column":54},"end":{"line":73,"column":13}}]},"16":{"type":"branch","line":76,"loc":{"start":{"line":76,"column":12},"end":{"line":91,"column":5}},"locations":[{"start":{"line":76,"column":12},"end":{"line":91,"column":5}}]},"17":{"type":"branch","line":77,"loc":{"start":{"line":77,"column":15},"end":{"line":80,"column":5}},"locations":[{"start":{"line":77,"column":15},"end":{"line":80,"column":5}}]},"18":{"type":"branch","line":81,"loc":{"start":{"line":81,"column":25},"end":{"line":89,"column":6}},"locations":[{"start":{"line":81,"column":25},"end":{"line":89,"column":6}}]},"19":{"type":"branch","line":83,"loc":{"start":{"line":83,"column":28},"end":{"line":84,"column":15}},"locations":[{"start":{"line":83,"column":28},"end":{"line":84,"column":15}}]},"20":{"type":"branch","line":85,"loc":{"start":{"line":85,"column":19},"end":{"line":85,"column":49}},"locations":[{"start":{"line":85,"column":19},"end":{"line":85,"column":49}}]},"21":{"type":"branch","line":96,"loc":{"start":{"line":96,"column":26},"end":{"line":109,"column":5}},"locations":[{"start":{"line":96,"column":26},"end":{"line":109,"column":5}}]},"22":{"type":"branch","line":97,"loc":{"start":{"line":97,"column":25},"end":{"line":98,"column":53}},"locations":[{"start":{"line":97,"column":25},"end":{"line":98,"column":53}}]},"23":{"type":"branch","line":99,"loc":{"start":{"line":99,"column":36},"end":{"line":99,"column":56}},"locations":[{"start":{"line":99,"column":36},"end":{"line":99,"column":56}}]},"24":{"type":"branch","line":100,"loc":{"start":{"line":100,"column":33},"end":{"line":100,"column":43}},"locations":[{"start":{"line":100,"column":33},"end":{"line":100,"column":43}}]},"25":{"type":"branch","line":101,"loc":{"start":{"line":101,"column":32},"end":{"line":101,"column":41}},"locations":[{"start":{"line":101,"column":32},"end":{"line":101,"column":41}}]},"26":{"type":"branch","line":102,"loc":{"start":{"line":102,"column":33},"end":{"line":102,"column":72}},"locations":[{"start":{"line":102,"column":33},"end":{"line":102,"column":72}}]}},"b":{"0":[2],"1":[0],"2":[0],"3":[0],"4":[0],"5":[0],"6":[0],"7":[0],"8":[0],"9":[0],"10":[0],"11":[0],"12":[0],"13":[2],"14":[2],"15":[0],"16":[2],"17":[0],"18":[2],"19":[0],"20":[0],"21":[2],"22":[0],"23":[0],"24":[0],"25":[0],"26":[0]},"fnMap":{"0":{"name":"Gateway","decl":{"start":{"line":9,"column":0},"end":{"line":343,"column":1}},"loc":{"start":{"line":9,"column":0},"end":{"line":343,"column":1}},"line":9},"1":{"name":"mostrarAlerta","decl":{"start":{"line":37,"column":24},"end":{"line":40,"column":4}},"loc":{"start":{"line":37,"column":24},"end":{"line":40,"column":4}},"line":37},"2":{"name":"api","decl":{"start":{"line":42,"column":14},"end":{"line":54,"column":4}},"loc":{"start":{"line":42,"column":14},"end":{"line":54,"column":4}},"line":42},"3":{"name":"fetchJsonOrText","decl":{"start":{"line":56,"column":26},"end":{"line":66,"column":4}},"loc":{"start":{"line":56,"column":26},"end":{"line":66,"column":4}},"line":56},"4":{"name":"loadPayment","decl":{"start":{"line":68,"column":22},"end":{"line":74,"column":4}},"loc":{"start":{"line":68,"column":22},"end":{"line":74,"column":4}},"line":68},"5":{"name":"fetchPayment","decl":{"start":{"line":81,"column":25},"end":{"line":89,"column":6}},"loc":{"start":{"line":81,"column":25},"end":{"line":89,"column":6}},"line":81},"6":{"name":"money","decl":{"start":{"line":93,"column":16},"end":{"line":94,"column":96}},"loc":{"start":{"line":93,"column":16},"end":{"line":94,"column":96}},"line":93},"7":{"name":"onSelectMethod","decl":{"start":{"line":111,"column":25},"end":{"line":114,"column":4}},"loc":{"start":{"line":111,"column":25},"end":{"line":114,"column":4}},"line":111},"8":{"name":"setPaymentMethod","decl":{"start":{"line":116,"column":27},"end":{"line":141,"column":4}},"loc":{"start":{"line":116,"column":27},"end":{"line":141,"column":4}},"line":116},"9":{"name":"ensurePendingBeforePurchase","decl":{"start":{"line":143,"column":38},"end":{"line":163,"column":2}},"loc":{"start":{"line":143,"column":38},"end":{"line":163,"column":2}},"line":143},"10":{"name":"comprar","decl":{"start":{"line":166,"column":18},"end":{"line":213,"column":4}},"loc":{"start":{"line":166,"column":18},"end":{"line":213,"column":4}},"line":166},"11":{"name":"onClick","decl":{"start":{"line":218,"column":66},"end":{"line":218,"column":92}},"loc":{"start":{"line":218,"column":66},"end":{"line":218,"column":92}},"line":218},"12":{"name":"onChange","decl":{"start":{"line":240,"column":26},"end":{"line":240,"column":55}},"loc":{"start":{"line":240,"column":26},"end":{"line":240,"column":55}},"line":240},"13":{"name":"onChange","decl":{"start":{"line":262,"column":26},"end":{"line":262,"column":53}},"loc":{"start":{"line":262,"column":26},"end":{"line":262,"column":53}},"line":262},"14":{"name":"onClose","decl":{"start":{"line":306,"column":19},"end":{"line":306,"column":49}},"loc":{"start":{"line":306,"column":19},"end":{"line":306,"column":49}},"line":306},"15":{"name":"onInvalid","decl":{"start":{"line":307,"column":21},"end":{"line":307,"column":58}},"loc":{"start":{"line":307,"column":21},"end":{"line":307,"column":58}},"line":307},"16":{"name":"onContinue","decl":{"start":{"line":308,"column":22},"end":{"line":326,"column":12}},"loc":{"start":{"line":308,"column":22},"end":{"line":326,"column":12}},"line":308},"17":{"name":"onClick","decl":{"start":{"line":335,"column":21},"end":{"line":335,"column":81}},"loc":{"start":{"line":335,"column":21},"end":{"line":335,"column":81}},"line":335},"18":{"name":"CardModal","decl":{"start":{"line":345,"column":0},"end":{"line":591,"column":1}},"loc":{"start":{"line":345,"column":0},"end":{"line":591,"column":1}},"line":345}},"f":{"0":2,"1":0,"2":2,"3":0,"4":2,"5":2,"6":0,"7":0,"8":0,"9":0,"10":0,"11":0,"12":0,"13":0,"14":0,"15":0,"16":0,"17":0,"18":0}}
,"C:\\Users\\juamb\\Desktop\\Front\\desarrollo_aplicaciones_front\\src\\views\\Login.jsx": {"path":"C:\\Users\\juamb\\Desktop\\Front\\desarrollo_aplicaciones_front\\src\\views\\Login.jsx","all":false,"statementMap":{"0":{"start":{"line":1,"column":0},"end":{"line":1,"column":40}},"1":{"start":{"line":2,"column":0},"end":{"line":2,"column":47}},"2":{"start":{"line":3,"column":0},"end":{"line":3,"column":21}},"4":{"start":{"line":5,"column":0},"end":{"line":5,"column":33}},"5":{"start":{"line":6,"column":0},"end":{"line":6,"column":33}},"6":{"start":{"line":7,"column":0},"end":{"line":7,"column":64}},"7":{"start":{"line":8,"column":0},"end":{"line":8,"column":50}},"8":{"start":{"line":9,"column":0},"end":{"line":9,"column":48}},"9":{"start":{"line":10,"column":0},"end":{"line":10,"column":37}},"11":{"start":{"line":12,"column":0},"end":{"line":12,"column":27}},"12":{"start":{"line":13,"column":0},"end":{"line":13,"column":37}},"13":{"start":{"line":14,"column":0},"end":{"line":14,"column":46}},"14":{"start":{"line":15,"column":0},"end":{"line":15,"column":4}},"16":{"start":{"line":17,"column":0},"end":{"line":17,"column":37}},"17":{"start":{"line":18,"column":0},"end":{"line":18,"column":23}},"18":{"start":{"line":19,"column":0},"end":{"line":19,"column":15}},"19":{"start":{"line":20,"column":0},"end":{"line":20,"column":40}},"20":{"start":{"line":21,"column":0},"end":{"line":21,"column":45}},"21":{"start":{"line":22,"column":0},"end":{"line":22,"column":13}},"22":{"start":{"line":23,"column":0},"end":{"line":23,"column":5}},"23":{"start":{"line":24,"column":0},"end":{"line":24,"column":21}},"24":{"start":{"line":25,"column":0},"end":{"line":25,"column":9}},"25":{"start":{"line":26,"column":0},"end":{"line":26,"column":50}},"26":{"start":{"line":27,"column":0},"end":{"line":27,"column":23}},"27":{"start":{"line":28,"column":0},"end":{"line":28,"column":56}},"28":{"start":{"line":29,"column":0},"end":{"line":29,"column":84}},"29":{"start":{"line":30,"column":0},"end":{"line":30,"column":9}},"31":{"start":{"line":32,"column":0},"end":{"line":32,"column":20}},"32":{"start":{"line":33,"column":0},"end":{"line":33,"column":75}},"33":{"start":{"line":34,"column":0},"end":{"line":34,"column":54}},"34":{"start":{"line":35,"column":0},"end":{"line":35,"column":7}},"36":{"start":{"line":37,"column":0},"end":{"line":37,"column":82}},"37":{"start":{"line":38,"column":0},"end":{"line":38,"column":57}},"38":{"start":{"line":39,"column":0},"end":{"line":39,"column":48}},"39":{"start":{"line":40,"column":0},"end":{"line":40,"column":51}},"40":{"start":{"line":41,"column":0},"end":{"line":41,"column":58}},"41":{"start":{"line":42,"column":0},"end":{"line":42,"column":48}},"42":{"start":{"line":43,"column":0},"end":{"line":43,"column":46}},"43":{"start":{"line":44,"column":0},"end":{"line":44,"column":46}},"44":{"start":{"line":45,"column":0},"end":{"line":45,"column":71}},"46":{"start":{"line":47,"column":0},"end":{"line":47,"column":25}},"47":{"start":{"line":48,"column":0},"end":{"line":48,"column":18}},"48":{"start":{"line":49,"column":0},"end":{"line":49,"column":48}},"49":{"start":{"line":50,"column":0},"end":{"line":50,"column":15}},"50":{"start":{"line":51,"column":0},"end":{"line":51,"column":24}},"51":{"start":{"line":52,"column":0},"end":{"line":52,"column":5}},"52":{"start":{"line":53,"column":0},"end":{"line":53,"column":4}},"54":{"start":{"line":55,"column":0},"end":{"line":55,"column":10}},"55":{"start":{"line":56,"column":0},"end":{"line":56,"column":40}},"56":{"start":{"line":57,"column":0},"end":{"line":57,"column":34}},"57":{"start":{"line":58,"column":0},"end":{"line":58,"column":58}},"58":{"start":{"line":59,"column":0},"end":{"line":59,"column":79}},"59":{"start":{"line":60,"column":0},"end":{"line":60,"column":12}},"61":{"start":{"line":62,"column":0},"end":{"line":62,"column":42}},"62":{"start":{"line":63,"column":0},"end":{"line":63,"column":17}},"63":{"start":{"line":64,"column":0},"end":{"line":64,"column":52}},"64":{"start":{"line":65,"column":0},"end":{"line":65,"column":17}},"65":{"start":{"line":66,"column":0},"end":{"line":66,"column":16}},"68":{"start":{"line":69,"column":0},"end":{"line":69,"column":72}},"70":{"start":{"line":71,"column":0},"end":{"line":71,"column":36}},"71":{"start":{"line":72,"column":0},"end":{"line":72,"column":48}},"72":{"start":{"line":73,"column":0},"end":{"line":73,"column":18}},"73":{"start":{"line":74,"column":0},"end":{"line":74,"column":24}},"74":{"start":{"line":75,"column":0},"end":{"line":75,"column":26}},"75":{"start":{"line":76,"column":0},"end":{"line":76,"column":26}},"76":{"start":{"line":77,"column":0},"end":{"line":77,"column":34}},"77":{"start":{"line":78,"column":0},"end":{"line":78,"column":47}},"78":{"start":{"line":79,"column":0},"end":{"line":79,"column":32}},"79":{"start":{"line":80,"column":0},"end":{"line":80,"column":33}},"80":{"start":{"line":81,"column":0},"end":{"line":81,"column":34}},"81":{"start":{"line":82,"column":0},"end":{"line":82,"column":22}},"82":{"start":{"line":83,"column":0},"end":{"line":83,"column":14}},"83":{"start":{"line":84,"column":0},"end":{"line":84,"column":16}},"86":{"start":{"line":87,"column":0},"end":{"line":87,"column":36}},"87":{"start":{"line":88,"column":0},"end":{"line":88,"column":56}},"88":{"start":{"line":89,"column":0},"end":{"line":89,"column":42}},"89":{"start":{"line":90,"column":0},"end":{"line":90,"column":20}},"90":{"start":{"line":91,"column":0},"end":{"line":91,"column":29}},"91":{"start":{"line":92,"column":0},"end":{"line":92,"column":31}},"92":{"start":{"line":93,"column":0},"end":{"line":93,"column":53}},"93":{"start":{"line":94,"column":0},"end":{"line":94,"column":36}},"94":{"start":{"line":95,"column":0},"end":{"line":95,"column":38}},"95":{"start":{"line":96,"column":0},"end":{"line":96,"column":37}},"96":{"start":{"line":97,"column":0},"end":{"line":97,"column":35}},"97":{"start":{"line":98,"column":0},"end":{"line":98,"column":47}},"98":{"start":{"line":99,"column":0},"end":{"line":99,"column":24}},"99":{"start":{"line":100,"column":0},"end":{"line":100,"column":29}},"100":{"start":{"line":101,"column":0},"end":{"line":101,"column":16}},"101":{"start":{"line":102,"column":0},"end":{"line":102,"column":21}},"102":{"start":{"line":103,"column":0},"end":{"line":103,"column":29}},"103":{"start":{"line":104,"column":0},"end":{"line":104,"column":39}},"104":{"start":{"line":105,"column":0},"end":{"line":105,"column":54}},"105":{"start":{"line":106,"column":0},"end":{"line":106,"column":83}},"106":{"start":{"line":107,"column":0},"end":{"line":107,"column":56}},"108":{"start":{"line":109,"column":0},"end":{"line":109,"column":29}},"110":{"start":{"line":111,"column":0},"end":{"line":111,"column":78}},"111":{"start":{"line":112,"column":0},"end":{"line":112,"column":25}},"112":{"start":{"line":113,"column":0},"end":{"line":113,"column":36}},"113":{"start":{"line":114,"column":0},"end":{"line":114,"column":43}},"114":{"start":{"line":115,"column":0},"end":{"line":115,"column":37}},"115":{"start":{"line":116,"column":0},"end":{"line":116,"column":43}},"116":{"start":{"line":117,"column":0},"end":{"line":117,"column":22}},"117":{"start":{"line":118,"column":0},"end":{"line":118,"column":25}},"118":{"start":{"line":119,"column":0},"end":{"line":119,"column":60}},"119":{"start":{"line":120,"column":0},"end":{"line":120,"column":43}},"120":{"start":{"line":121,"column":0},"end":{"line":121,"column":37}},"121":{"start":{"line":122,"column":0},"end":{"line":122,"column":33}},"122":{"start":{"line":123,"column":0},"end":{"line":123,"column":22}},"123":{"start":{"line":124,"column":0},"end":{"line":124,"column":25}},"124":{"start":{"line":125,"column":0},"end":{"line":125,"column":62}},"125":{"start":{"line":126,"column":0},"end":{"line":126,"column":43}},"126":{"start":{"line":127,"column":0},"end":{"line":127,"column":37}},"127":{"start":{"line":128,"column":0},"end":{"line":128,"column":33}},"128":{"start":{"line":129,"column":0},"end":{"line":129,"column":22}},"129":{"start":{"line":130,"column":0},"end":{"line":130,"column":24}},"132":{"start":{"line":133,"column":0},"end":{"line":133,"column":78}},"133":{"start":{"line":134,"column":0},"end":{"line":134,"column":25}},"134":{"start":{"line":135,"column":0},"end":{"line":135,"column":70}},"135":{"start":{"line":136,"column":0},"end":{"line":136,"column":43}},"136":{"start":{"line":137,"column":0},"end":{"line":137,"column":37}},"137":{"start":{"line":138,"column":0},"end":{"line":138,"column":33}},"138":{"start":{"line":139,"column":0},"end":{"line":139,"column":22}},"139":{"start":{"line":140,"column":0},"end":{"line":140,"column":27}},"140":{"start":{"line":141,"column":0},"end":{"line":141,"column":29}},"141":{"start":{"line":142,"column":0},"end":{"line":142,"column":29}},"142":{"start":{"line":143,"column":0},"end":{"line":143,"column":27}},"143":{"start":{"line":144,"column":0},"end":{"line":144,"column":43}},"144":{"start":{"line":145,"column":0},"end":{"line":145,"column":37}},"145":{"start":{"line":146,"column":0},"end":{"line":146,"column":33}},"146":{"start":{"line":147,"column":0},"end":{"line":147,"column":22}},"147":{"start":{"line":148,"column":0},"end":{"line":148,"column":24}},"149":{"start":{"line":150,"column":0},"end":{"line":150,"column":23}},"150":{"start":{"line":151,"column":0},"end":{"line":151,"column":18}},"151":{"start":{"line":152,"column":0},"end":{"line":152,"column":16}},"154":{"start":{"line":155,"column":0},"end":{"line":155,"column":41}},"155":{"start":{"line":156,"column":0},"end":{"line":156,"column":97}},"156":{"start":{"line":157,"column":0},"end":{"line":157,"column":54}},"157":{"start":{"line":158,"column":0},"end":{"line":158,"column":21}},"158":{"start":{"line":159,"column":0},"end":{"line":159,"column":16}},"159":{"start":{"line":160,"column":0},"end":{"line":160,"column":15}},"160":{"start":{"line":161,"column":0},"end":{"line":161,"column":12}},"161":{"start":{"line":162,"column":0},"end":{"line":162,"column":10}},"163":{"start":{"line":164,"column":0},"end":{"line":164,"column":1}}},"s":{"0":1,"1":1,"2":1,"4":13,"5":13,"6":13,"7":13,"8":13,"9":13,"11":13,"12":2,"13":2,"14":2,"16":13,"17":2,"18":2,"19":2,"20":1,"21":1,"22":1,"23":1,"24":1,"25":1,"26":1,"27":1,"28":1,"29":1,"31":1,"32":1,"33":0,"34":0,"36":0,"37":0,"38":0,"39":0,"40":0,"41":0,"42":0,"43":0,"44":0,"46":0,"47":1,"48":1,"49":1,"50":1,"51":1,"52":2,"54":13,"55":13,"56":13,"57":13,"58":13,"59":13,"61":13,"62":13,"63":2,"64":2,"65":2,"68":13,"70":13,"71":13,"72":13,"73":13,"74":13,"75":13,"76":13,"77":13,"78":13,"79":13,"80":13,"81":13,"82":13,"83":13,"86":13,"87":13,"88":13,"89":13,"90":13,"91":13,"92":13,"93":13,"94":13,"95":13,"96":13,"97":13,"98":13,"99":13,"100":13,"101":13,"102":13,"103":13,"104":13,"105":13,"106":13,"108":13,"110":1,"111":1,"112":1,"113":1,"114":1,"115":1,"116":1,"117":1,"118":1,"119":1,"120":1,"121":1,"122":1,"123":1,"124":1,"125":1,"126":1,"127":1,"128":1,"129":1,"132":12,"133":12,"134":12,"135":12,"136":12,"137":12,"138":12,"139":12,"140":12,"141":12,"142":12,"143":12,"144":12,"145":12,"146":12,"147":12,"149":13,"150":13,"151":13,"154":13,"155":13,"156":13,"157":13,"158":13,"159":13,"160":13,"161":13,"163":13},"branchMap":{"0":{"type":"branch","line":5,"loc":{"start":{"line":5,"column":0},"end":{"line":164,"column":1}},"locations":[{"start":{"line":5,"column":0},"end":{"line":164,"column":1}}]},"1":{"type":"branch","line":63,"loc":{"start":{"line":63,"column":9},"end":{"line":66,"column":16}},"locations":[{"start":{"line":63,"column":9},"end":{"line":66,"column":16}}]},"2":{"type":"branch","line":93,"loc":{"start":{"line":93,"column":22},"end":{"line":93,"column":42}},"locations":[{"start":{"line":93,"column":22},"end":{"line":93,"column":42}}]},"3":{"type":"branch","line":93,"loc":{"start":{"line":93,"column":33},"end":{"line":93,"column":53}},"locations":[{"start":{"line":93,"column":33},"end":{"line":93,"column":53}}]},"4":{"type":"branch","line":106,"loc":{"start":{"line":106,"column":28},"end":{"line":106,"column":62}},"locations":[{"start":{"line":106,"column":28},"end":{"line":106,"column":62}}]},"5":{"type":"branch","line":106,"loc":{"start":{"line":106,"column":39},"end":{"line":106,"column":83}},"locations":[{"start":{"line":106,"column":39},"end":{"line":106,"column":83}}]},"6":{"type":"branch","line":107,"loc":{"start":{"line":107,"column":23},"end":{"line":107,"column":46}},"locations":[{"start":{"line":107,"column":23},"end":{"line":107,"column":46}}]},"7":{"type":"branch","line":107,"loc":{"start":{"line":107,"column":34},"end":{"line":107,"column":56}},"locations":[{"start":{"line":107,"column":34},"end":{"line":107,"column":56}}]},"8":{"type":"branch","line":109,"loc":{"start":{"line":109,"column":17},"end":{"line":130,"column":24}},"locations":[{"start":{"line":109,"column":17},"end":{"line":130,"column":24}}]},"9":{"type":"branch","line":130,"loc":{"start":{"line":130,"column":18},"end":{"line":148,"column":24}},"locations":[{"start":{"line":130,"column":18},"end":{"line":148,"column":24}}]},"10":{"type":"branch","line":157,"loc":{"start":{"line":157,"column":15},"end":{"line":157,"column":43}},"locations":[{"start":{"line":157,"column":15},"end":{"line":157,"column":43}}]},"11":{"type":"branch","line":157,"loc":{"start":{"line":157,"column":25},"end":{"line":157,"column":54}},"locations":[{"start":{"line":157,"column":25},"end":{"line":157,"column":54}}]},"12":{"type":"branch","line":12,"loc":{"start":{"line":12,"column":19},"end":{"line":15,"column":4}},"locations":[{"start":{"line":12,"column":19},"end":{"line":15,"column":4}}]},"13":{"type":"branch","line":14,"loc":{"start":{"line":14,"column":12},"end":{"line":14,"column":44}},"locations":[{"start":{"line":14,"column":12},"end":{"line":14,"column":44}}]},"14":{"type":"branch","line":17,"loc":{"start":{"line":17,"column":23},"end":{"line":53,"column":4}},"locations":[{"start":{"line":17,"column":23},"end":{"line":53,"column":4}}]},"15":{"type":"branch","line":20,"loc":{"start":{"line":20,"column":14},"end":{"line":20,"column":39}},"locations":[{"start":{"line":20,"column":14},"end":{"line":20,"column":39}}]},"16":{"type":"branch","line":20,"loc":{"start":{"line":20,"column":39},"end":{"line":52,"column":5}},"locations":[{"start":{"line":20,"column":39},"end":{"line":52,"column":5}}]},"17":{"type":"branch","line":33,"loc":{"start":{"line":33,"column":73},"end":{"line":48,"column":13}},"locations":[{"start":{"line":33,"column":73},"end":{"line":48,"column":13}}]},"18":{"type":"branch","line":49,"loc":{"start":{"line":49,"column":16},"end":{"line":49,"column":46}},"locations":[{"start":{"line":49,"column":16},"end":{"line":49,"column":46}}]},"19":{"type":"branch","line":105,"loc":{"start":{"line":105,"column":25},"end":{"line":105,"column":54}},"locations":[{"start":{"line":105,"column":25},"end":{"line":105,"column":54}}]},"20":{"type":"branch","line":105,"loc":{"start":{"line":105,"column":43},"end":{"line":105,"column":52}},"locations":[{"start":{"line":105,"column":43},"end":{"line":105,"column":52}}]}},"b":{"0":[13],"1":[2],"2":[1],"3":[12],"4":[1],"5":[12],"6":[1],"7":[12],"8":[1],"9":[12],"10":[1],"11":[12],"12":[2],"13":[2],"14":[2],"15":[1],"16":[1],"17":[0],"18":[0],"19":[2],"20":[2]},"fnMap":{"0":{"name":"Login","decl":{"start":{"line":5,"column":0},"end":{"line":164,"column":1}},"loc":{"start":{"line":5,"column":0},"end":{"line":164,"column":1}},"line":5},"1":{"name":"onChange","decl":{"start":{"line":12,"column":19},"end":{"line":15,"column":4}},"loc":{"start":{"line":12,"column":19},"end":{"line":15,"column":4}},"line":12},"2":{"name":"handleSubmit","decl":{"start":{"line":17,"column":23},"end":{"line":53,"column":4}},"loc":{"start":{"line":17,"column":23},"end":{"line":53,"column":4}},"line":17},"3":{"name":"onClick","decl":{"start":{"line":105,"column":25},"end":{"line":105,"column":54}},"loc":{"start":{"line":105,"column":25},"end":{"line":105,"column":54}},"line":105}},"f":{"0":13,"1":2,"2":2,"3":2}}
,"C:\\Users\\juamb\\Desktop\\Front\\desarrollo_aplicaciones_front\\src\\views\\Pagos-Detalle.jsx": {"path":"C:\\Users\\juamb\\Desktop\\Front\\desarrollo_aplicaciones_front\\src\\views\\Pagos-Detalle.jsx","all":false,"statementMap":{"0":{"start":{"line":1,"column":0},"end":{"line":1,"column":60}},"1":{"start":{"line":2,"column":0},"end":{"line":2,"column":58}},"2":{"start":{"line":3,"column":0},"end":{"line":3,"column":29}},"4":{"start":{"line":5,"column":0},"end":{"line":5,"column":52}},"5":{"start":{"line":6,"column":0},"end":{"line":6,"column":94}},"7":{"start":{"line":8,"column":0},"end":{"line":8,"column":46}},"8":{"start":{"line":9,"column":0},"end":{"line":9,"column":23}},"9":{"start":{"line":10,"column":0},"end":{"line":10,"column":26}},"10":{"start":{"line":11,"column":0},"end":{"line":11,"column":96}},"11":{"start":{"line":12,"column":0},"end":{"line":12,"column":81}},"12":{"start":{"line":13,"column":0},"end":{"line":13,"column":21}},"13":{"start":{"line":14,"column":0},"end":{"line":14,"column":2}},"15":{"start":{"line":16,"column":0},"end":{"line":16,"column":36}},"16":{"start":{"line":17,"column":0},"end":{"line":17,"column":26}},"17":{"start":{"line":18,"column":0},"end":{"line":18,"column":18}},"18":{"start":{"line":19,"column":0},"end":{"line":19,"column":21}},"19":{"start":{"line":20,"column":0},"end":{"line":20,"column":36}},"20":{"start":{"line":21,"column":0},"end":{"line":21,"column":73}},"21":{"start":{"line":22,"column":0},"end":{"line":22,"column":1}},"23":{"start":{"line":24,"column":0},"end":{"line":24,"column":26}},"24":{"start":{"line":25,"column":0},"end":{"line":25,"column":42}},"25":{"start":{"line":26,"column":0},"end":{"line":26,"column":42}},"26":{"start":{"line":27,"column":0},"end":{"line":27,"column":58}},"27":{"start":{"line":28,"column":0},"end":{"line":28,"column":65}},"28":{"start":{"line":29,"column":0},"end":{"line":29,"column":83}},"29":{"start":{"line":30,"column":0},"end":{"line":30,"column":61}},"30":{"start":{"line":31,"column":0},"end":{"line":31,"column":41}},"31":{"start":{"line":32,"column":0},"end":{"line":32,"column":45}},"32":{"start":{"line":33,"column":0},"end":{"line":33,"column":60}},"33":{"start":{"line":34,"column":0},"end":{"line":34,"column":57}},"34":{"start":{"line":35,"column":0},"end":{"line":35,"column":21}},"35":{"start":{"line":36,"column":0},"end":{"line":36,"column":2}},"37":{"start":{"line":38,"column":0},"end":{"line":38,"column":34}},"38":{"start":{"line":39,"column":0},"end":{"line":39,"column":56}},"39":{"start":{"line":40,"column":0},"end":{"line":40,"column":47}},"40":{"start":{"line":41,"column":0},"end":{"line":41,"column":45}},"41":{"start":{"line":42,"column":0},"end":{"line":42,"column":53}},"42":{"start":{"line":43,"column":0},"end":{"line":43,"column":41}},"43":{"start":{"line":44,"column":0},"end":{"line":44,"column":13}},"44":{"start":{"line":45,"column":0},"end":{"line":45,"column":2}},"46":{"start":{"line":47,"column":0},"end":{"line":47,"column":29}},"47":{"start":{"line":48,"column":0},"end":{"line":48,"column":42}},"48":{"start":{"line":49,"column":0},"end":{"line":49,"column":55}},"49":{"start":{"line":50,"column":0},"end":{"line":50,"column":74}},"50":{"start":{"line":51,"column":0},"end":{"line":51,"column":55}},"51":{"start":{"line":52,"column":0},"end":{"line":52,"column":56}},"52":{"start":{"line":53,"column":0},"end":{"line":53,"column":56}},"53":{"start":{"line":54,"column":0},"end":{"line":54,"column":56}},"54":{"start":{"line":55,"column":0},"end":{"line":55,"column":59}},"55":{"start":{"line":56,"column":0},"end":{"line":56,"column":60}},
[...]
":1,"545":1,"546":1,"547":1,"549":11,"550":8,"551":8,"553":8,"554":8,"556":11,"557":0,"558":0,"559":0,"560":0,"561":0,"563":11,"564":11,"565":11,"566":11,"568":11},"branchMap":{"0":{"type":"branch","line":9,"loc":{"start":{"line":9,"column":14},"end":{"line":10,"column":81}},"locations":[{"start":{"line":9,"column":14},"end":{"line":10,"column":81}}]},"1":{"type":"branch","line":12,"loc":{"start":{"line":12,"column":17},"end":{"line":17,"column":2}},"locations":[{"start":{"line":12,"column":17},"end":{"line":17,"column":2}}]},"2":{"type":"branch","line":19,"loc":{"start":{"line":19,"column":0},"end":{"line":48,"column":1}},"locations":[{"start":{"line":19,"column":0},"end":{"line":48,"column":1}}]},"3":{"type":"branch","line":20,"loc":{"start":{"line":20,"column":13},"end":{"line":20,"column":24}},"locations":[{"start":{"line":20,"column":13},"end":{"line":20,"column":24}}]},"4":{"type":"branch","line":41,"loc":{"start":{"line":41,"column":28},"end":{"line":41,"column":55}},"locations":[{"start":{"line":41,"column":28},"end":{"line":41,"column":55}}]},"5":{"type":"branch","line":50,"loc":{"start":{"line":50,"column":0},"end":{"line":56,"column":1}},"locations":[{"start":{"line":50,"column":0},"end":{"line":56,"column":1}}]},"6":{"type":"branch","line":52,"loc":{"start":{"line":52,"column":48},"end":{"line":52,"column":67}},"locations":[{"start":{"line":52,"column":48},"end":{"line":52,"column":67}}]},"7":{"type":"branch","line":58,"loc":{"start":{"line":58,"column":18},"end":{"line":69,"column":2}},"locations":[{"start":{"line":58,"column":18},"end":{"line":69,"column":2}}]},"8":{"type":"branch","line":59,"loc":{"start":{"line":59,"column":19},"end":{"line":59,"column":26}},"locations":[{"start":{"line":59,"column":19},"end":{"line":59,"column":26}}]},"9":{"type":"branch","line":60,"loc":{"start":{"line":60,"column":23},"end":{"line":61,"column":38}},"locations":[{"start":{"line":60,"column":23},"end":{"line":61,"column":38}}]},"10":{"type":"branch","line":61,"loc":{"start":{"line":61,"column":31},"end":{"line":61,"column":58}},"locations":[{"start":{"line":61,"column":31},"end":{"line":61,"column":58}}]},"11":{"type":"branch","line":61,"loc":{"start":{"line":61,"column":38},"end":{"line":62,"column":39}},"locations":[{"start":{"line":61,"column":38},"end":{"line":62,"column":39}}]},"12":{"type":"branch","line":62,"loc":{"start":{"line":62,"column":32},"end":{"line":62,"column":65}},"locations":[{"start":{"line":62,"column":32},"end":{"line":62,"column":65}}]},"13":{"type":"branch","line":62,"loc":{"start":{"line":62,"column":39},"end":{"line":63,"column":26}},"locations":[{"start":{"line":62,"column":39},"end":{"line":63,"column":26}}]},"14":{"type":"branch","line":63,"loc":{"start":{"line":63,"column":12},"end":{"line":63,"column":44}},"locations":[{"start":{"line":63,"column":12},"end":{"line":63,"column":44}}]},"15":{"type":"branch","line":63,"loc":{"start":{"line":63,"column":44},"end":{"line":63,"column":62}},"locations":[{"start":{"line":63,"column":44},"end":{"line":63,"column":62}}]},"16":{"type":"branch","line":63,"loc":{"start":{"line":63,"column":51},"end":{"line":64,"column":42}},"locations":[{"start":{"line":63,"column":51},"end":{"line":64,"column":42}}]},"17":{"type":"branch","line":64,"loc":{"start":{"line":64,"column":42},"end":{"line":67,"column":43}},"locations":[{"start":{"line":64,"column":42},"end":{"line":67,"column":43}}]},"18":{"type":"branch","line":67,"loc":{"start":{"line":67,"column":43},"end":{"line":69,"column":2}},"locations":[{"start":{"line":67,"column":43},"end":{"line":69,"column":2}}]},"19":{"type":"branch","line":71,"loc":{"start":{"line":71,"column":21},"end":{"line":77,"column":2}},"locations":[{"start":{"line":71,"column":21},"end":{"line":77,"column":2}}]},"20":{"type":"branch","line":72,"loc":{"start":{"line":72,"column":30},"end":{"line":72,"column":40}},"locations":[{"start":{"line":72,"column":30},"end":{"line":72,"column":40}}]},"21":{"type":"branch","line":73,"loc":{"start":{"line":73,"column":30},"end":{"line":74,"column":45}},"locations":[{"start":{"line":73,"column":30},"end":{"line":74,"column":45}}]},"22":{"type":"branch","line":74,"loc":{"start":{"line":74,"column":36},"end":{"line":77,"column":2}},"locations":[{"start":{"line":74,"column":36},"end":{"line":77,"column":2}}]},"23":{"type":"branch","line":79,"loc":{"start":{"line":79,"column":0},"end":{"line":569,"column":1}},"locations":[{"start":{"line":79,"column":0},"end":{"line":569,"column":1}}]},"24":{"type":"branch","line":88,"loc":{"start":{"line":88,"column":31},"end":{"line":89,"column":10}},"locations":[{"start":{"line":88,"column":31},"end":{"line":89,"column":10}}]},"25":{"type":"branch","line":93,"loc":{"start":{"line":93,"column":17},"end":{"line":93,"column":42}},"locations":[{"start":{"line":93,"column":17},"end":{"line":93,"column":42}}]},"26":{"type":"branch","line":93,"loc":{"start":{"line":93,"column":64},"end":{"line":93,"column":88}},"locations":[{"start":{"line":93,"column":64},"end":{"line":93,"column":88}}]},"27":{"type":"branch","line":485,"loc":{"start":{"line":485,"column":28},"end":{"line":485,"column":55}},"locations":[{"start":{"line":485,"column":28},"end":{"line":485,"column":55}}]},"28":{"type":"branch","line":498,"loc":{"start":{"line":498,"column":14},"end":{"line":499,"column":26}},"locations":[{"start":{"line":498,"column":14},"end":{"line":499,"column":26}}]},"29":{"type":"branch","line":499,"loc":{"start":{"line":499,"column":15},"end":{"line":542,"column":17}},"locations":[{"start":{"line":499,"column":15},"end":{"line":542,"column":17}}]},"30":{"type":"branch","line":543,"loc":{"start":{"line":543,"column":14},"end":{"line":543,"column":38}},"locations":[{"start":{"line":543,"column":14},"end":{"line":543,"column":38}}]},"31":{"type":"branch","line":543,"loc":{"start":{"line":543,"column":26},"end":{"line":543,"column":61}},"locations":[{"start":{"line":543,"column":26},"end":{"line":543,"column":61}}]},"32":{"type":"branch","line":543,"loc":{"start":{"line":543,"column":55},"end":{"line":548,"column":19}},"locations":[{"start":{"line":543,"column":55},"end":{"line":548,"column":19}}]},"33":{"type":"branch","line":550,"loc":{"start":{"line":550,"column":13},"end":{"line":555,"column":19}},"locations":[{"start":{"line":550,"column":13},"end":{"line":555,"column":19}}]},"34":{"type":"branch","line":557,"loc":{"start":{"line":557,"column":14},"end":{"line":557,"column":38}},"locations":[{"start":{"line":557,"column":14},"end":{"line":557,"column":38}}]},"35":{"type":"branch","line":557,"loc":{"start":{"line":557,"column":25},"end":{"line":562,"column":19}},"locations":[{"start":{"line":557,"column":25},"end":{"line":562,"column":19}}]},"36":{"type":"branch","line":129,"loc":{"start":{"line":129,"column":18},"end":{"line":143,"column":5}},"locations":[{"start":{"line":129,"column":18},"end":{"line":143,"column":5}}]},"37":{"type":"branch","line":131,"loc":{"start":{"line":131,"column":13},"end":{"line":131,"column":20}},"locations":[{"start":{"line":131,"column":13},"end":{"line":131,"column":20}}]},"38":{"type":"branch","line":132,"loc":{"start":{"line":132,"column":17},"end":{"line":133,"column":89}},"locations":[{"start":{"line":132,"column":17},"end":{"line":133,"column":89}}]},"39":{"type":"branch","line":139,"loc":{"start":{"line":139,"column":11},"end":{"line":142,"column":6}},"locations":[{"start":{"line":139,"column":11},"end":{"line":142,"column":6}}]},"40":{"type":"branch","line":145,"loc":{"start":{"line":145,"column":12},"end":{"line":185,"column":5}},"locations":[{"start":{"line":145,"column":12},"end":{"line":185,"column":5}}]},"41":{"type":"branch","line":146,"loc":{"start":{"line":146,"column":26},"end":{"line":183,"column":6}},"locations":[{"start":{"line":146,"column":26},"end":{"line":183,"column":6}}]},"42":{"type":"branch","line":156,"loc":{"start":{"line":156,"column":9},"end":{"line":164,"column":53}},"locations":[{"start":{"line":156,"column":9},"end":{"line":164,"column":53}}]},"43":{"type":"branch","line":158,"loc":{"start":{"line":158,"column":21},"end":{"line":161,"column":9}},"locations":[{"start":{"line":158,"column":21},"end":{"line":161,"column":9}}]},"44":{"type":"branch","line":164,"loc":{"start":{"line":164,"column":46},"end":{"line":164,"column":57}},"locations":[{"start":{"line":164,"column":46},"end":{"line":164,"column":57}}]},"45":{"type":"branch","line":177,"loc":{"start":{"line":177,"column":6},"end":{"line":180,"column":8}},"locations":[{"start":{"line":177,"column":6},"end":{"line":180,"column":8}}]},"46":{"type":"branch","line":178,"loc":{"start":{"line":178,"column":22},"end":{"line":178,"column":69}},"locations":[{"start":{"line":178,"column":22},"end":{"line":178,"column":69}}]},"47":{"type":"branch","line":164,"loc":{"start":{"line":164,"column":61},"end":{"line":175,"column":10}},"locations":[{"start":{"line":164,"column":61},"end":{"line":175,"column":10}}]},"48":{"type":"branch","line":167,"loc":{"start":{"line":167,"column":23},"end":{"line":167,"column":44}},"locations":[{"start":{"line":167,"column":23},"end":{"line":167,"column":44}}]},"49":{"type":"branch","line":172,"loc":{"start":{"line":172,"column":26},"end":{"line":172,"column":43}},"locations":[{"start":{"line":172,"column":26},"end":{"line":172,"column":43}}]},"50":{"type":"branch","line":173,"loc":{"start":{"line":173,"column":27},"end":{"line":173,"column":44}},"locations":[{"start":{"line":173,"column":27},"end":{"line":173,"column":44}}]},"51":{"type":"branch","line":187,"loc":{"start":{"line":187,"column":12},"end":{"line":214,"column":5}},"locations":[{"start":{"line":187,"column":12},"end":{"line":214,"column":5}}]},"52":{"type":"branch","line":210,"loc":{"start":{"line":210,"column":11},"end":{"line":213,"column":6}},"locations":[{"start":{"line":210,"column":11},"end":{"line":213,"column":6}}]},"53":{"type":"branch","line":216,"loc":{"start":{"line":216,"column":24},"end":{"line":262,"column":5}},"locations":[{"start":{"line":216,"column":24},"end":{"line":262,"column":5}}]},"54":{"type":"branch","line":219,"loc":{"start":{"line":219,"column":22},"end":{"line":224,"column":5}},"locations":[{"start":{"line":219,"column":22},"end":{"line":224,"column":5}}]},"55":{"type":"branch","line":226,"loc":{"start":{"line":226,"column":31},"end":{"line":233,"column":5}},"locations":[{"start":{"line":226,"column":31},"end":{"line":233,"column":5}}]},"56":{"type":"branch","line":235,"loc":{"start":{"line":235,"column":15},"end":{"line":235,"column":94}},"locations":[{"start":{"line":235,"column":15},"end":{"line":235,"column":94}}]},"57":{"type":"branch","line":236,"loc":{"start":{"line":236,"column":15},"end":{"line":236,"column":94}},"locations":[{"start":{"line":236,"column":15},"end":{"line":236,"column":94}}]},"58":{"type":"branch","line":238,"loc":{"start":{"line":238,"column":20},"end":{"line":250,"column":5}},"locations":[{"start":{"line":238,"column":20},"end":{"line":250,"column":5}}]},"59":{"type":"branch","line":221,"loc":{"start":{"line":221,"column":23},"end":{"line":222,"column":84}},"locations":[{"start":{"line":221,"column":23},"end":{"line":222,"column":84}}]},"60":{"type":"branch","line":222,"loc":{"start":{"line":222,"column":22},"end":{"line":222,"column":46}},"locations":[{"start":{"line":222,"column":22},"end":{"line":222,"column":46}}]},"61":{"type":"branch","line":252,"loc":{"start":{"line":252,"column":13},"end":{"line":259,"column":5}},"locations":[{"start":{"line":252,"column":13},"end":{"line":259,"column":5}}]},"62":{"type":"branch","line":255,"loc":{"start":{"line":255,"column":54},"end":{"line":256,"column":56}},"locations":[{"start":{"line":255,"column":54},"end":{"line":256,"column":56}}]},"63":{"type":"branch","line":257,"loc":{"start":{"line":257,"column":6},"end":{"line":258,"column":55}},"locations":[{"start":{"line":257,"column":6},"end":{"line":258,"column":55}}]},"64":{"type":"branch","line":258,"loc":{"start":{"line":258,"column":47},"end":{"line":258,"column":73}},"locations":[{"start":{"line":258,"column":47},"end":{"line":258,"column":73}}]},"65":{"type":"branch","line":344,"loc":{"start":{"line":344,"column":26},"end":{"line":344,"column":58}},"locations":[{"start":{"line":344,"column":26},"end":{"line":344,"column":58}}]},"66":{"type":"branch","line":352,"loc":{"start":{"line":352,"column":35},"end":{"line":352,"column":66}},"locations":[{"start":{"line":352,"column":35},"end":{"line":352,"column":66}}]},"67":{"type":"branch","line":356,"loc":{"start":{"line":356,"column":21},"end":{"line":367,"column":17}},"locations":[{"start":{"line":356,"column":21},"end":{"line":367,"column":17}}]},"68":{"type":"branch","line":369,"loc":{"start":{"line":369,"column":25},"end":{"line":377,"column":19}},"locations":[{"start":{"line":369,"column":25},"end":{"line":377,"column":19}}]},"69":{"type":"branch","line":402,"loc":{"start":{"line":402,"column":24},"end":{"line":402,"column":56}},"locations":[{"start":{"line":402,"column":24},"end":{"line":402,"column":56}}]},"70":{"type":"branch","line":500,"loc":{"start":{"line":500,"column":24},"end":{"line":542,"column":15}},"locations":[{"start":{"line":500,"column":24},"end":{"line":542,"column":15}}]},"71":{"type":"branch","line":505,"loc":{"start":{"line":505,"column":34},"end":{"line":505,"column":65}},"locations":[{"start":{"line":505,"column":34},"end":{"line":505,"column":65}}]},"72":{"type":"branch","line":524,"loc":{"start":{"line":524,"column":36},"end":{"line":524,"column":86}},"locations":[{"start":{"line":524,"column":36},"end":{"line":524,"column":86}}]},"73":{"type":"branch","line":524,"loc":{"start":{"line":524,"column":72},"end":{"line":530,"column":33}},"locations":[{"start":{"line":524,"column":72},"end":{"line":530,"column":33}}]}},"b":{"0":[9],"1":[3],"2":[6],"3":[0],"4":[0],"5":[40],"6":[0],"7":[2],"8":[0],"9":[1],"10":[0],"11":[1],"12":[0],"13":[1],"14":[0],"15":[1],"16":[0],"17":[0],"18":[0],"19":[2],"20":[0],"21":[1],"22":[0],"23":[11],"24":[5],"25":[0],"26":[0],"27":[0],"28":[3],"29":[3],"30":[3],"31":[3],"32":[1],"33":[8],"34":[3],"35":[0],"36":[6],"37":[0],"38":[6],"39":[6],"40":[6],"41":[6],"42":[3],"43":[0],"44":[0],"45":[3],"46":[0],"47":[2],"48":[0],"49":[0],"50":[0],"51":[6],"52":[6],"53":[10],"54":[1],"55":[0],"56":[1],"57":[0],"58":[0],"59":[2],"60":[0],"61":[1],"62":[0],"63":[0],"64":[0],"65":[1],"66":[44],"67":[10],"68":[10],"69":[1],"70":[3],"71":[0],"72":[0],"73":[0]},"fnMap":{"0":{"name":"money","decl":{"start":{"line":9,"column":14},"end":{"line":10,"column":81}},"loc":{"start":{"line":9,"column":14},"end":{"line":10,"column":81}},"line":9},"1":{"name":"fechaFmt","decl":{"start":{"line":12,"column":17},"end":{"line":17,"column":2}},"loc":{"start":{"line":12,"column":17},"end":{"line":17,"column":2}},"line":12},"2":{"name":"Badge","decl":{"start":{"line":19,"column":0},"end":{"line":48,"column":1}},"loc":{"start":{"line":19,"column":0},"end":{"line":48,"column":1}},"line":19},"3":{"name":"Chip","decl":{"start":{"line":50,"column":0},"end":{"line":56,"column":1}},"loc":{"start":{"line":50,"column":0},"end":{"line":56,"column":1}},"line":50},"4":{"name":"mapStatus","decl":{"start":{"line":58,"column":18},"end":{"line":69,"column":2}},"loc":{"start":{"line":58,"column":18},"end":{"line":69,"column":2}},"line":58},"5":{"name":"getMetodoTag","decl":{"start":{"line":71,"column":21},"end":{"line":77,"column":2}},"loc":{"start":{"line":71,"column":21},"end":{"line":77,"column":2}},"line":71},"6":{"name":"PagosLista","decl":{"start":{"line":79,"column":0},"end":{"line":569,"column":1}},"loc":{"start":{"line":79,"column":0},"end":{"line":569,"column":1}},"line":79},"7":{"name":"handleLogout","decl":{"start":{"line":107,"column":23},"end":{"line":110,"column":4}},"loc":{"start":{"line":107,"column":23},"end":{"line":110,"column":4}},"line":107},"8":{"name":"toggleChip","decl":{"start":{"line":112,"column":21},"end":{"line":116,"column":4}},"loc":{"start":{"line":112,"column":21},"end":{"line":116,"column":4}},"line":112},"9":{"name":"resetFiltros","decl":{"start":{"line":118,"column":23},"end":{"line":125,"column":4}},"loc":{"start":{"line":118,"column":23},"end":{"line":125,"column":4}},"line":118},"10":{"name":"setH","decl":{"start":{"line":132,"column":17},"end":{"line":133,"column":89}},"loc":{"start":{"line":132,"column":17},"end":{"line":133,"column":89}},"line":132},"11":{"name":"onResize","decl":{"start":{"line":137,"column":21},"end":{"line":137,"column":34}},"loc":{"start":{"line":137,"column":21},"end":{"line":137,"column":34}},"line":137},"12":{"name":"fetchPayments","decl":{"start":{"line":146,"column":26},"end":{"line":183,"column":6}},"loc":{"start":{"line":146,"column":26},"end":{"line":183,"column":6}},"line":146},"13":{"name":"IntersectionObserver.threshold","decl":{"start":{"line":197,"column":6},"end":{"line":204,"column":8}},"loc":{"start":{"line":197,"column":6},"end":{"line":204,"column":8}},"line":197},"14":{"name":"exportCSV","decl":{"start":{"line":264,"column":20},"end":{"line":314,"column":4}},"loc":{"start":{"line":264,"column":20},"end":{"line":314,"column":4}},"line":264},"15":{"name":"onChange","decl":{"start":{"line":344,"column":26},"end":{"line":344,"column":58}},"loc":{"start":{"line":344,"column":26},"end":{"line":344,"column":58}},"line":344},"16":{"name":"onChange","decl":{"start":{"line":354,"column":24},"end":{"line":354,"column":54}},"loc":{"start":{"line":354,"column":24},"end":{"line":354,"column":54}},"line":354},"17":{"name":"theme","decl":{"start":{"line":356,"column":21},"end":{"line":367,"column":17}},"loc":{"start":{"line":356,"column":21},"end":{"line":367,"column":17}},"line":356},"18":{"name":"control","decl":{"start":{"line":369,"column":25},"end":{"line":377,"column":19}},"loc":{"start":{"line":369,"column":25},"end":{"line":377,"column":19}},"line":369},"19":{"name":"menu","decl":{"start":{"line":378,"column":22},"end":{"line":384,"column":19}},"loc":{"start":{"line":378,"column":22},"end":{"line":384,"column":19}},"line":378},"20":{"name":"option","decl":{"start":{"line":385,"column":24},"end":{"line":391,"column":19}},"loc":{"start":{"line":385,"column":24},"end":{"line":391,"column":19}},"line":385},"21":{"name":"onChange","decl":{"start":{"line":402,"column":24},"end":{"line":402,"column":56}},"loc":{"start":{"line":402,"column":24},"end":{"line":402,"column":56}},"line":402},"22":{"name":"onChange","decl":{"start":{"line":412,"column":24},"end":{"line":412,"column":56}},"loc":{"start":{"line":412,"column":24},"end":{"line":412,"column":56}},"line":412},"23":{"name":"onChange","decl":{"start":{"line":426,"column":24},"end":{"line":426,"column":53}},"loc":{"start":{"line":426,"column":24},"end":{"line":426,"column":53}},"line":426},"24":{"name":"onClick","decl":{"start":{"line":444,"column":21},"end":{"line":444,"column":51}},"loc":{"start":{"line":444,"column":21},"end":{"line":444,"column":51}},"line":444},"25":{"name":"onClick","decl":{"start":{"line":452,"column":21},"end":{"line":452,"column":50}},"loc":{"start":{"line":452,"column":21},"end":{"line":452,"column":50}},"line":452},"26":{"name":"onClick","decl":{"start":{"line":460,"column":21},"end":{"line":460,"column":51}},"loc":{"start":{"line":460,"column":21},"end":{"line":460,"column":51}},"line":460},"27":{"name":"onClick","decl":{"start":{"line":468,"column":21},"end":{"line":468,"column":53}},"loc":{"start":{"line":468,"column":21},"end":{"line":468,"column":53}},"line":468},"28":{"name":"onClick","decl":{"start":{"line":527,"column":35},"end":{"line":527,"column":67}},"loc":{"start":{"line":527,"column":35},"end":{"line":527,"column":67}},"line":527},"29":{"name":"onClick","decl":{"start":{"line":534,"column":35},"end":{"line":534,"column":70}},"loc":{"start":{"line":534,"column":35},"end":{"line":534,"column":70}},"line":534}},"f":{"0":9,"1":3,"2":6,"3":40,"4":2,"5":2,"6":11,"7":0,"8":0,"9":0,"10":6,"11":0,"12":6,"13":0,"14":0,"15":1,"16":0,"17":10,"18":10,"19":0,"20":0,"21":1,"22":0,"23":0,"24":0,"25":0,"26":0,"27":0,"28":0,"29":0}}
}
